[ 2017-04-23T10:33:50+08:00 ] 127.0.0.1 /admin.php
INFO: [ app_init ] --START--
INFO: Run Behavior\BuildLiteBehavior [ RunTime:0.000000s ]
INFO: [ app_init ] --END-- [ RunTime:0.001000s ]
INFO: [ app_begin ] --START--
INFO: Run Behavior\ReadHtmlCacheBehavior [ RunTime:0.001000s ]
INFO: [ app_begin ] --END-- [ RunTime:0.001000s ]
NOTIC: [8] Undefined variable: sing_path D:\Demo\cms\ThinkPHP\Common\functions.php 第 991 行.
NOTIC: [8] Undefined variable: module D:\Demo\cms\ThinkPHP\Common\functions.php 第 994 行.
NOTIC: [8] Undefined variable: var D:\Demo\cms\ThinkPHP\Common\functions.php 第 997 行.
NOTIC: [2] array_reverse() expects parameter 1 to be array, null given D:\Demo\cms\ThinkPHP\Common\functions.php 第 997 行.
NOTIC: [2] http_build_query(): Parameter 1 expected to be Array or Object.  Incorrect value given D:\Demo\cms\ThinkPHP\Common\functions.php 第 997 行.

[ 2017-04-23T10:33:51+08:00 ] 127.0.0.1 /admin.php?&c=login
INFO: [ app_init ] --START--
INFO: Run Behavior\BuildLiteBehavior [ RunTime:0.000000s ]
INFO: [ app_init ] --END-- [ RunTime:0.001000s ]
INFO: [ app_begin ] --START--
INFO: Run Behavior\ReadHtmlCacheBehavior [ RunTime:0.001000s ]
INFO: [ app_begin ] --END-- [ RunTime:0.001000s ]
INFO: [ view_parse ] --START--
INFO: [ template_filter ] --START--
INFO: Run Behavior\ContentReplaceBehavior [ RunTime:0.000000s ]
INFO: [ template_filter ] --END-- [ RunTime:0.001000s ]
INFO: Run Behavior\ParseTemplateBehavior [ RunTime:0.030002s ]
INFO: [ view_parse ] --END-- [ RunTime:0.030002s ]
INFO: [ view_filter ] --START--
INFO: Run Behavior\WriteHtmlCacheBehavior [ RunTime:0.000000s ]
INFO: [ view_filter ] --END-- [ RunTime:0.001000s ]
INFO: [ app_end ] --START--
INFO: Run Behavior\ShowPageTraceBehavior [ RunTime:0.000000s ]
INFO: [ app_end ] --END-- [ RunTime:0.001000s ]

[ 2017-04-23T10:33:55+08:00 ] 127.0.0.1 /admin.php?c=login&a=check
INFO: [ app_init ] --START--
INFO: Run Behavior\BuildLiteBehavior [ RunTime:0.000000s ]
INFO: [ app_init ] --END-- [ RunTime:0.000000s ]
INFO: [ app_begin ] --START--
INFO: Run Behavior\ReadHtmlCacheBehavior [ RunTime:0.001000s ]
INFO: [ app_begin ] --END-- [ RunTime:0.001000s ]
SQL: SHOW COLUMNS FROM `cms_admin` [ RunTime:0.0160s ]
SQL: SELECT * FROM `cms_admin` WHERE ( username="admin" ) LIMIT 1   [ RunTime:0.0010s ]

[ 2017-04-23T10:33:58+08:00 ] 127.0.0.1 /admin.php?c=index
INFO: [ app_init ] --START--
INFO: Run Behavior\BuildLiteBehavior [ RunTime:0.000000s ]
INFO: [ app_init ] --END-- [ RunTime:0.000000s ]
INFO: [ app_begin ] --START--
INFO: Run Behavior\ReadHtmlCacheBehavior [ RunTime:0.001000s ]
INFO: [ app_begin ] --END-- [ RunTime:0.001000s ]
NOTIC: [2048] Declaration of Common\Model\NewsModel::find() should be compatible with Think\Model::find($options = Array) D:\Demo\cms\Application\Common\Model\NewsModel.class.php 第 9 行.
SQL: SHOW COLUMNS FROM `cms_news` [ RunTime:0.0010s ]
SQL: SELECT * FROM `cms_news` WHERE `status` = 1 ORDER BY count desc LIMIT 1   [ RunTime:0.0010s ]
SQL: SELECT COUNT(*) AS tp_count FROM `cms_news` WHERE `status` <> -1 LIMIT 1   [ RunTime:0.0010s ]
NOTIC: [2048] Declaration of Common\Model\PositionModel::find() should be compatible with Think\Model::find($options = Array) D:\Demo\cms\Application\Common\Model\PositionModel.class.php 第 81 行.
SQL: SHOW COLUMNS FROM `cms_position` [ RunTime:0.0340s ]
SQL: SELECT COUNT(*) AS tp_count FROM `cms_position` WHERE `status` = 1 LIMIT 1   [ RunTime:0.0010s ]
SQL: SHOW COLUMNS FROM `cms_admin` [ RunTime:0.0010s ]
SQL: SELECT COUNT(*) AS tp_count FROM `cms_admin` WHERE `status` = 1 AND `lastlogintime` > 1492876800 LIMIT 1   [ RunTime:0.0010s ]
NOTIC: [2] Illegal string offset 'tp_count' D:\Demo\cms\Application\Common\Model\AdminModel.class.php 第 78 行.
INFO: [ view_parse ] --START--
INFO: [ template_filter ] --START--
INFO: Run Behavior\ContentReplaceBehavior [ RunTime:0.000000s ]
INFO: [ template_filter ] --END-- [ RunTime:0.000000s ]
NOTIC: [2048] Declaration of Common\Model\MenuModel::find() should be compatible with Think\Model::find($options = Array) D:\Demo\cms\Application\Common\Model\MenuModel.class.php 第 98 行.
SQL: SHOW COLUMNS FROM `cms_menu` [ RunTime:0.0010s ]
SQL: SELECT * FROM `cms_menu` WHERE `status` <> -1 AND `type` = 1 ORDER BY listorder desc,menu_id desc  [ RunTime:0.0010s ]
NOTIC: [8] Undefined index: a D:\Demo\cms\Application\Common\Common\function.php 第 35 行.
NOTIC: [8] Undefined index: a D:\Demo\cms\Application\Common\Common\function.php 第 35 行.
NOTIC: [8] Undefined index: a D:\Demo\cms\Application\Common\Common\function.php 第 35 行.
NOTIC: [8] Undefined index: a D:\Demo\cms\Application\Common\Common\function.php 第 35 行.
NOTIC: [8] Undefined index: a D:\Demo\cms\Application\Common\Common\function.php 第 35 行.
NOTIC: [8] Undefined index: a D:\Demo\cms\Application\Common\Common\function.php 第 35 行.
INFO: Run Behavior\ParseTemplateBehavior [ RunTime:0.065004s ]
INFO: [ view_parse ] --END-- [ RunTime:0.065004s ]
INFO: [ view_filter ] --START--
INFO: Run Behavior\WriteHtmlCacheBehavior [ RunTime:0.000000s ]
INFO: [ view_filter ] --END-- [ RunTime:0.000000s ]
INFO: [ app_end ] --START--
INFO: Run Behavior\ShowPageTraceBehavior [ RunTime:0.001000s ]
INFO: [ app_end ] --END-- [ RunTime:0.001000s ]

[ 2017-04-23T10:34:01+08:00 ] 127.0.0.1 /admin.php?c=menu
INFO: [ app_init ] --START--
INFO: Run Behavior\BuildLiteBehavior [ RunTime:0.000000s ]
INFO: [ app_init ] --END-- [ RunTime:0.001000s ]
INFO: [ app_begin ] --START--
INFO: Run Behavior\ReadHtmlCacheBehavior [ RunTime:0.000000s ]
INFO: [ app_begin ] --END-- [ RunTime:0.000000s ]
NOTIC: [2048] Declaration of Admin\Controller\MenuController::setStatus() should be compatible with Admin\Controller\CommonController::setStatus($data, $models) D:\Demo\cms\Application\Admin\Controller\MenuController.class.php 第 10 行.
NOTIC: [2048] Declaration of Admin\Controller\MenuController::listorder() should be compatible with Admin\Controller\CommonController::listorder($model = '') D:\Demo\cms\Application\Admin\Controller\MenuController.class.php 第 10 行.
NOTIC: [8] Undefined index: p D:\Demo\cms\Application\Admin\Controller\MenuController.class.php 第 61 行.
NOTIC: [8] Undefined index: pageSize D:\Demo\cms\Application\Admin\Controller\MenuController.class.php 第 62 行.
NOTIC: [2048] Declaration of Common\Model\MenuModel::find() should be compatible with Think\Model::find($options = Array) D:\Demo\cms\Application\Common\Model\MenuModel.class.php 第 5 行.
SQL: SHOW COLUMNS FROM `cms_menu` [ RunTime:0.0010s ]
SQL: SELECT * FROM `cms_menu` WHERE `status` <> -1 ORDER BY listorder desc,menu_id desc LIMIT 0,3   [ RunTime:0.0010s ]
SQL: SELECT COUNT(*) AS tp_count FROM `cms_menu` WHERE `status` <> -1 LIMIT 1   [ RunTime:0.0010s ]
NOTIC: [8] Undefined variable: sing_path D:\Demo\cms\ThinkPHP\Common\functions.php 第 991 行.
INFO: [ view_parse ] --START--
INFO: [ template_filter ] --START--
INFO: Run Behavior\ContentReplaceBehavior [ RunTime:0.000000s ]
INFO: [ template_filter ] --END-- [ RunTime:0.000000s ]
SQL: SELECT * FROM `cms_menu` WHERE `status` <> -1 AND `type` = 1 ORDER BY listorder desc,menu_id desc  [ RunTime:0.0010s ]
NOTIC: [8] Undefined index: a D:\Demo\cms\Application\Common\Common\function.php 第 35 行.
NOTIC: [8] Undefined index: a D:\Demo\cms\Application\Common\Common\function.php 第 35 行.
NOTIC: [8] Undefined index: a D:\Demo\cms\Application\Common\Common\function.php 第 35 行.
NOTIC: [8] Undefined index: a D:\Demo\cms\Application\Common\Common\function.php 第 35 行.
NOTIC: [8] Undefined index: a D:\Demo\cms\Application\Common\Common\function.php 第 35 行.
NOTIC: [8] Undefined index: a D:\Demo\cms\Application\Common\Common\function.php 第 35 行.
NOTIC: [8] Undefined variable: nav D:\Demo\cms\Application\Runtime\Cache\Admin\b956215329b6f9aca22277599a4efdfc.php 第 101 行.
INFO: Run Behavior\ParseTemplateBehavior [ RunTime:0.040003s ]
INFO: [ view_parse ] --END-- [ RunTime:0.040003s ]
INFO: [ view_filter ] --START--
INFO: Run Behavior\WriteHtmlCacheBehavior [ RunTime:0.001000s ]
INFO: [ view_filter ] --END-- [ RunTime:0.001000s ]
INFO: [ app_end ] --START--
INFO: Run Behavior\ShowPageTraceBehavior [ RunTime:0.001000s ]
INFO: [ app_end ] --END-- [ RunTime:0.001000s ]

[ 2017-04-23T10:34:15+08:00 ] 127.0.0.1 /admin.php?c=menu
INFO: [ app_init ] --START--
INFO: Run Behavior\BuildLiteBehavior [ RunTime:0.001000s ]
INFO: [ app_init ] --END-- [ RunTime:0.001000s ]
INFO: [ app_begin ] --START--
INFO: Run Behavior\ReadHtmlCacheBehavior [ RunTime:0.000000s ]
INFO: [ app_begin ] --END-- [ RunTime:0.000000s ]
NOTIC: [2048] Declaration of Admin\Controller\MenuController::setStatus() should be compatible with Admin\Controller\CommonController::setStatus($data, $models) D:\Demo\cms\Application\Admin\Controller\MenuController.class.php 第 10 行.
NOTIC: [2048] Declaration of Admin\Controller\MenuController::listorder() should be compatible with Admin\Controller\CommonController::listorder($model = '') D:\Demo\cms\Application\Admin\Controller\MenuController.class.php 第 10 行.
NOTIC: [8] Undefined index: p D:\Demo\cms\Application\Admin\Controller\MenuController.class.php 第 61 行.
NOTIC: [8] Undefined index: pageSize D:\Demo\cms\Application\Admin\Controller\MenuController.class.php 第 62 行.
NOTIC: [2048] Declaration of Common\Model\MenuModel::find() should be compatible with Think\Model::find($options = Array) D:\Demo\cms\Application\Common\Model\MenuModel.class.php 第 5 行.
SQL: SHOW COLUMNS FROM `cms_menu` [ RunTime:0.0010s ]
SQL: SELECT * FROM `cms_menu` WHERE `status` <> -1 ORDER BY listorder desc,menu_id desc LIMIT 0,3   [ RunTime:0.0010s ]
SQL: SELECT COUNT(*) AS tp_count FROM `cms_menu` WHERE `status` <> -1 LIMIT 1   [ RunTime:0.0010s ]
NOTIC: [8] Undefined variable: sing_path D:\Demo\cms\ThinkPHP\Common\functions.php 第 991 行.
INFO: [ view_parse ] --START--
INFO: [ template_filter ] --START--
INFO: Run Behavior\ContentReplaceBehavior [ RunTime:0.001000s ]
INFO: [ template_filter ] --END-- [ RunTime:0.001000s ]
SQL: SELECT * FROM `cms_menu` WHERE `status` <> -1 AND `type` = 1 ORDER BY listorder desc,menu_id desc  [ RunTime:0.0000s ]
NOTIC: [8] Undefined index: a D:\Demo\cms\Application\Common\Common\function.php 第 35 行.
NOTIC: [8] Undefined index: a D:\Demo\cms\Application\Common\Common\function.php 第 35 行.
NOTIC: [8] Undefined index: a D:\Demo\cms\Application\Common\Common\function.php 第 35 行.
NOTIC: [8] Undefined index: a D:\Demo\cms\Application\Common\Common\function.php 第 35 行.
NOTIC: [8] Undefined index: a D:\Demo\cms\Application\Common\Common\function.php 第 35 行.
NOTIC: [8] Undefined index: a D:\Demo\cms\Application\Common\Common\function.php 第 35 行.
NOTIC: [8] Undefined variable: nav D:\Demo\cms\Application\Runtime\Cache\Admin\b956215329b6f9aca22277599a4efdfc.php 第 101 行.
INFO: Run Behavior\ParseTemplateBehavior [ RunTime:0.021001s ]
INFO: [ view_parse ] --END-- [ RunTime:0.022001s ]
INFO: [ view_filter ] --START--
INFO: Run Behavior\WriteHtmlCacheBehavior [ RunTime:0.000000s ]
INFO: [ view_filter ] --END-- [ RunTime:0.000000s ]
INFO: [ app_end ] --START--
INFO: Run Behavior\ShowPageTraceBehavior [ RunTime:0.000000s ]
INFO: [ app_end ] --END-- [ RunTime:0.001000s ]

[ 2017-04-23T10:34:17+08:00 ] 127.0.0.1 /admin.php?c=content
INFO: [ app_init ] --START--
INFO: Run Behavior\BuildLiteBehavior [ RunTime:0.000000s ]
INFO: [ app_init ] --END-- [ RunTime:0.002000s ]
INFO: [ app_begin ] --START--
INFO: Run Behavior\ReadHtmlCacheBehavior [ RunTime:0.001000s ]
INFO: [ app_begin ] --END-- [ RunTime:0.001000s ]
NOTIC: [2048] Declaration of Admin\Controller\ContentController::setStatus() should be compatible with Admin\Controller\CommonController::setStatus($data, $models) D:\Demo\cms\Application\Admin\Controller\ContentController.class.php 第 12 行.
NOTIC: [2048] Declaration of Admin\Controller\ContentController::listorder() should be compatible with Admin\Controller\CommonController::listorder($model = '') D:\Demo\cms\Application\Admin\Controller\ContentController.class.php 第 12 行.
NOTIC: [8] Undefined index: title D:\Demo\cms\Application\Admin\Controller\ContentController.class.php 第 16 行.
NOTIC: [8] Undefined index: catid D:\Demo\cms\Application\Admin\Controller\ContentController.class.php 第 20 行.
NOTIC: [8] Undefined index: p D:\Demo\cms\Application\Admin\Controller\ContentController.class.php 第 24 行.
NOTIC: [2048] Declaration of Common\Model\NewsModel::find() should be compatible with Think\Model::find($options = Array) D:\Demo\cms\Application\Common\Model\NewsModel.class.php 第 9 行.
SQL: SHOW COLUMNS FROM `cms_news` [ RunTime:0.0010s ]
SQL: SELECT * FROM `cms_news` WHERE `status` <> -1 ORDER BY listorder desc ,news_id desc LIMIT 0,10   [ RunTime:0.0000s ]
SQL: SELECT COUNT(*) AS tp_count FROM `cms_news` WHERE `status` <> -1 LIMIT 1   [ RunTime:0.0000s ]
NOTIC: [8] Undefined variable: sing_path D:\Demo\cms\ThinkPHP\Common\functions.php 第 991 行.
NOTIC: [2048] Declaration of Common\Model\PositionModel::find() should be compatible with Think\Model::find($options = Array) D:\Demo\cms\Application\Common\Model\PositionModel.class.php 第 81 行.
SQL: SHOW COLUMNS FROM `cms_position` [ RunTime:0.0010s ]
SQL: SELECT * FROM `cms_position` WHERE `status` = 1 ORDER BY id  [ RunTime:0.0000s ]
NOTIC: [2048] Declaration of Common\Model\MenuModel::find() should be compatible with Think\Model::find($options = Array) D:\Demo\cms\Application\Common\Model\MenuModel.class.php 第 98 行.
SQL: SHOW COLUMNS FROM `cms_menu` [ RunTime:0.0020s ]
SQL: SELECT * FROM `cms_menu` WHERE `status` = 1 AND `type` = 0 ORDER BY listorder desc,menu_id desc  [ RunTime:0.0010s ]
INFO: [ view_parse ] --START--
INFO: [ template_filter ] --START--
INFO: Run Behavior\ContentReplaceBehavior [ RunTime:0.001000s ]
INFO: [ template_filter ] --END-- [ RunTime:0.001000s ]
SQL: SELECT * FROM `cms_menu` WHERE `status` <> -1 AND `type` = 1 ORDER BY listorder desc,menu_id desc  [ RunTime:0.0010s ]
NOTIC: [8] Undefined index: a D:\Demo\cms\Application\Common\Common\function.php 第 35 行.
NOTIC: [8] Undefined index: a D:\Demo\cms\Application\Common\Common\function.php 第 35 行.
NOTIC: [8] Undefined index: a D:\Demo\cms\Application\Common\Common\function.php 第 35 行.
NOTIC: [8] Undefined index: a D:\Demo\cms\Application\Common\Common\function.php 第 35 行.
NOTIC: [8] Undefined index: a D:\Demo\cms\Application\Common\Common\function.php 第 35 行.
NOTIC: [8] Undefined index: a D:\Demo\cms\Application\Common\Common\function.php 第 35 行.
INFO: Run Behavior\ParseTemplateBehavior [ RunTime:0.056003s ]
INFO: [ view_parse ] --END-- [ RunTime:0.056003s ]
INFO: [ view_filter ] --START--
INFO: Run Behavior\WriteHtmlCacheBehavior [ RunTime:0.001000s ]
INFO: [ view_filter ] --END-- [ RunTime:0.001000s ]
INFO: [ app_end ] --START--
INFO: Run Behavior\ShowPageTraceBehavior [ RunTime:0.002000s ]
INFO: [ app_end ] --END-- [ RunTime:0.003000s ]

[ 2017-04-23T10:34:19+08:00 ] 127.0.0.1 /admin.php?c=positioncontent
INFO: [ app_init ] --START--
INFO: Run Behavior\BuildLiteBehavior [ RunTime:0.000000s ]
INFO: [ app_init ] --END-- [ RunTime:0.001000s ]
INFO: [ app_begin ] --START--
INFO: Run Behavior\ReadHtmlCacheBehavior [ RunTime:0.000000s ]
INFO: [ app_begin ] --END-- [ RunTime:0.002000s ]
NOTIC: [2048] Declaration of Admin\Controller\PositioncontentController::setStatus() should be compatible with Admin\Controller\CommonController::setStatus($data, $models) D:\Demo\cms\Application\Admin\Controller\PositioncontentController.class.php 第 9 行.
NOTIC: [2048] Declaration of Admin\Controller\PositioncontentController::listorder() should be compatible with Admin\Controller\CommonController::listorder($model = '') D:\Demo\cms\Application\Admin\Controller\PositioncontentController.class.php 第 9 行.
NOTIC: [2048] Declaration of Common\Model\PositionModel::find() should be compatible with Think\Model::find($options = Array) D:\Demo\cms\Application\Common\Model\PositionModel.class.php 第 9 行.
SQL: SHOW COLUMNS FROM `cms_position` [ RunTime:0.0010s ]
SQL: SELECT * FROM `cms_position` WHERE `status` = 1 ORDER BY id  [ RunTime:0.0000s ]
NOTIC: [8] Undefined index: title D:\Demo\cms\Application\Admin\Controller\PositioncontentController.class.php 第 14 行.
NOTIC: [8] Undefined index: position_id D:\Demo\cms\Application\Admin\Controller\PositioncontentController.class.php 第 18 行.
NOTIC: [2048] Declaration of Common\Model\PositionContentModel::find() should be compatible with Think\Model::find($options = Array) D:\Demo\cms\Application\Common\Model\PositionContentModel.class.php 第 89 行.
SQL: SHOW COLUMNS FROM `cms_position_content` [ RunTime:0.0010s ]
NOTIC: [8] Undefined index: title D:\Demo\cms\Application\Common\Model\PositionContentModel.class.php 第 18 行.
SQL: SELECT * FROM `cms_position_content` WHERE `status` <> -1 AND `position_id` = 2 ORDER BY listorder desc ,id desc  [ RunTime:0.0010s ]
INFO: [ view_parse ] --START--
INFO: [ template_filter ] --START--
INFO: Run Behavior\ContentReplaceBehavior [ RunTime:0.001000s ]
INFO: [ template_filter ] --END-- [ RunTime:0.001000s ]
NOTIC: [2048] Declaration of Common\Model\MenuModel::find() should be compatible with Think\Model::find($options = Array) D:\Demo\cms\Application\Common\Model\MenuModel.class.php 第 98 行.
SQL: SHOW COLUMNS FROM `cms_menu` [ RunTime:0.0030s ]
SQL: SELECT * FROM `cms_menu` WHERE `status` <> -1 AND `type` = 1 ORDER BY listorder desc,menu_id desc  [ RunTime:0.0010s ]
NOTIC: [8] Undefined index: a D:\Demo\cms\Application\Common\Common\function.php 第 35 行.
NOTIC: [8] Undefined index: a D:\Demo\cms\Application\Common\Common\function.php 第 35 行.
NOTIC: [8] Undefined index: a D:\Demo\cms\Application\Common\Common\function.php 第 35 行.
NOTIC: [8] Undefined index: a D:\Demo\cms\Application\Common\Common\function.php 第 35 行.
NOTIC: [8] Undefined index: a D:\Demo\cms\Application\Common\Common\function.php 第 35 行.
NOTIC: [8] Undefined index: a D:\Demo\cms\Application\Common\Common\function.php 第 35 行.
NOTIC: [8] Undefined variable: title D:\Demo\cms\Application\Runtime\Cache\Admin\b8a8b9d170e6c07d7b463ea02385894d.php 第 120 行.
INFO: Run Behavior\ParseTemplateBehavior [ RunTime:0.156009s ]
INFO: [ view_parse ] --END-- [ RunTime:0.157009s ]
INFO: [ view_filter ] --START--
INFO: Run Behavior\WriteHtmlCacheBehavior [ RunTime:0.002000s ]
INFO: [ view_filter ] --END-- [ RunTime:0.002000s ]
INFO: [ app_end ] --START--
INFO: Run Behavior\ShowPageTraceBehavior [ RunTime:0.003000s ]
INFO: [ app_end ] --END-- [ RunTime:0.004000s ]

[ 2017-04-23T10:34:21+08:00 ] 127.0.0.1 /admin.php?c=admin
INFO: [ app_init ] --START--
INFO: Run Behavior\BuildLiteBehavior [ RunTime:0.001000s ]
INFO: [ app_init ] --END-- [ RunTime:0.001000s ]
INFO: [ app_begin ] --START--
INFO: Run Behavior\ReadHtmlCacheBehavior [ RunTime:0.001000s ]
INFO: [ app_begin ] --END-- [ RunTime:0.001000s ]
NOTIC: [2048] Declaration of Admin\Controller\AdminController::setStatus() should be compatible with Admin\Controller\CommonController::setStatus($data, $models) D:\Demo\cms\Application\Admin\Controller\AdminController.class.php 第 9 行.
SQL: SHOW COLUMNS FROM `cms_admin` [ RunTime:0.0010s ]
SQL: SELECT * FROM `cms_admin` WHERE `status` <> -1 ORDER BY admin_id desc  [ RunTime:0.0010s ]
INFO: [ view_parse ] --START--
INFO: [ template_filter ] --START--
INFO: Run Behavior\ContentReplaceBehavior [ RunTime:0.000000s ]
INFO: [ template_filter ] --END-- [ RunTime:0.000000s ]
NOTIC: [2048] Declaration of Common\Model\MenuModel::find() should be compatible with Think\Model::find($options = Array) D:\Demo\cms\Application\Common\Model\MenuModel.class.php 第 98 行.
SQL: SHOW COLUMNS FROM `cms_menu` [ RunTime:0.0000s ]
SQL: SELECT * FROM `cms_menu` WHERE `status` <> -1 AND `type` = 1 ORDER BY listorder desc,menu_id desc  [ RunTime:0.0000s ]
NOTIC: [8] Undefined index: a D:\Demo\cms\Application\Common\Common\function.php 第 35 行.
NOTIC: [8] Undefined index: a D:\Demo\cms\Application\Common\Common\function.php 第 35 行.
NOTIC: [8] Undefined index: a D:\Demo\cms\Application\Common\Common\function.php 第 35 行.
NOTIC: [8] Undefined index: a D:\Demo\cms\Application\Common\Common\function.php 第 35 行.
NOTIC: [8] Undefined index: a D:\Demo\cms\Application\Common\Common\function.php 第 35 行.
NOTIC: [8] Undefined index: a D:\Demo\cms\Application\Common\Common\function.php 第 35 行.
NOTIC: [8] Undefined variable: nav D:\Demo\cms\Application\Runtime\Cache\Admin\b682812e058c4f7cab74d08ab9eabe11.php 第 101 行.
INFO: Run Behavior\ParseTemplateBehavior [ RunTime:0.055003s ]
INFO: [ view_parse ] --END-- [ RunTime:0.055003s ]
INFO: [ view_filter ] --START--
INFO: Run Behavior\WriteHtmlCacheBehavior [ RunTime:0.000000s ]
INFO: [ view_filter ] --END-- [ RunTime:0.001000s ]
INFO: [ app_end ] --START--
INFO: Run Behavior\ShowPageTraceBehavior [ RunTime:0.001000s ]
INFO: [ app_end ] --END-- [ RunTime:0.001000s ]

[ 2017-04-23T10:34:23+08:00 ] 127.0.0.1 /admin.php?c=admin&a=add
INFO: [ app_init ] --START--
INFO: Run Behavior\BuildLiteBehavior [ RunTime:0.000000s ]
INFO: [ app_init ] --END-- [ RunTime:0.001000s ]
INFO: [ app_begin ] --START--
INFO: Run Behavior\ReadHtmlCacheBehavior [ RunTime:0.000000s ]
INFO: [ app_begin ] --END-- [ RunTime:0.000000s ]
NOTIC: [2048] Declaration of Admin\Controller\AdminController::setStatus() should be compatible with Admin\Controller\CommonController::setStatus($data, $models) D:\Demo\cms\Application\Admin\Controller\AdminController.class.php 第 9 行.
INFO: [ view_parse ] --START--
INFO: [ template_filter ] --START--
INFO: Run Behavior\ContentReplaceBehavior [ RunTime:0.000000s ]
INFO: [ template_filter ] --END-- [ RunTime:0.000000s ]
NOTIC: [2048] Declaration of Common\Model\MenuModel::find() should be compatible with Think\Model::find($options = Array) D:\Demo\cms\Application\Common\Model\MenuModel.class.php 第 5 行.
SQL: SHOW COLUMNS FROM `cms_menu` [ RunTime:0.0010s ]
SQL: SELECT * FROM `cms_menu` WHERE `status` <> -1 AND `type` = 1 ORDER BY listorder desc,menu_id desc  [ RunTime:0.0010s ]
NOTIC: [8] Undefined index: a D:\Demo\cms\Application\Common\Common\function.php 第 35 行.
NOTIC: [8] Undefined index: a D:\Demo\cms\Application\Common\Common\function.php 第 35 行.
NOTIC: [8] Undefined index: a D:\Demo\cms\Application\Common\Common\function.php 第 35 行.
NOTIC: [8] Undefined index: a D:\Demo\cms\Application\Common\Common\function.php 第 35 行.
NOTIC: [8] Undefined index: a D:\Demo\cms\Application\Common\Common\function.php 第 35 行.
NOTIC: [8] Undefined index: a D:\Demo\cms\Application\Common\Common\function.php 第 35 行.
INFO: Run Behavior\ParseTemplateBehavior [ RunTime:0.048002s ]
INFO: [ view_parse ] --END-- [ RunTime:0.048002s ]
INFO: [ view_filter ] --START--
INFO: Run Behavior\WriteHtmlCacheBehavior [ RunTime:0.001000s ]
INFO: [ view_filter ] --END-- [ RunTime:0.001000s ]
INFO: [ app_end ] --START--
INFO: Run Behavior\ShowPageTraceBehavior [ RunTime:0.001000s ]
INFO: [ app_end ] --END-- [ RunTime:0.001000s ]

[ 2017-04-23T10:34:24+08:00 ] 127.0.0.1 /admin.php?c=positioncontent
INFO: [ app_init ] --START--
INFO: Run Behavior\BuildLiteBehavior [ RunTime:0.000000s ]
INFO: [ app_init ] --END-- [ RunTime:0.001000s ]
INFO: [ app_begin ] --START--
INFO: Run Behavior\ReadHtmlCacheBehavior [ RunTime:0.001000s ]
INFO: [ app_begin ] --END-- [ RunTime:0.001000s ]
NOTIC: [2048] Declaration of Admin\Controller\PositioncontentController::setStatus() should be compatible with Admin\Controller\CommonController::setStatus($data, $models) D:\Demo\cms\Application\Admin\Controller\PositioncontentController.class.php 第 9 行.
NOTIC: [2048] Declaration of Admin\Controller\PositioncontentController::listorder() should be compatible with Admin\Controller\CommonController::listorder($model = '') D:\Demo\cms\Application\Admin\Controller\PositioncontentController.class.php 第 9 行.
NOTIC: [2048] Declaration of Common\Model\PositionModel::find() should be compatible with Think\Model::find($options = Array) D:\Demo\cms\Application\Common\Model\PositionModel.class.php 第 9 行.
SQL: SHOW COLUMNS FROM `cms_position` [ RunTime:0.0010s ]
SQL: SELECT * FROM `cms_position` WHERE `status` = 1 ORDER BY id  [ RunTime:0.0000s ]
NOTIC: [8] Undefined index: title D:\Demo\cms\Application\Admin\Controller\PositioncontentController.class.php 第 14 行.
NOTIC: [8] Undefined index: position_id D:\Demo\cms\Application\Admin\Controller\PositioncontentController.class.php 第 18 行.
NOTIC: [2048] Declaration of Common\Model\PositionContentModel::find() should be compatible with Think\Model::find($options = Array) D:\Demo\cms\Application\Common\Model\PositionContentModel.class.php 第 89 行.
SQL: SHOW COLUMNS FROM `cms_position_content` [ RunTime:0.0010s ]
NOTIC: [8] Undefined index: title D:\Demo\cms\Application\Common\Model\PositionContentModel.class.php 第 18 行.
SQL: SELECT * FROM `cms_position_content` WHERE `status` <> -1 AND `position_id` = 2 ORDER BY listorder desc ,id desc  [ RunTime:0.0000s ]
INFO: [ view_parse ] --START--
INFO: [ template_filter ] --START--
INFO: Run Behavior\ContentReplaceBehavior [ RunTime:0.001000s ]
INFO: [ template_filter ] --END-- [ RunTime:0.001000s ]
NOTIC: [2048] Declaration of Common\Model\MenuModel::find() should be compatible with Think\Model::find($options = Array) D:\Demo\cms\Application\Common\Model\MenuModel.class.php 第 98 行.
SQL: SHOW COLUMNS FROM `cms_menu` [ RunTime:0.0010s ]
SQL: SELECT * FROM `cms_menu` WHERE `status` <> -1 AND `type` = 1 ORDER BY listorder desc,menu_id desc  [ RunTime:0.0010s ]
NOTIC: [8] Undefined index: a D:\Demo\cms\Application\Common\Common\function.php 第 35 行.
NOTIC: [8] Undefined index: a D:\Demo\cms\Application\Common\Common\function.php 第 35 行.
NOTIC: [8] Undefined index: a D:\Demo\cms\Application\Common\Common\function.php 第 35 行.
NOTIC: [8] Undefined index: a D:\Demo\cms\Application\Common\Common\function.php 第 35 行.
NOTIC: [8] Undefined index: a D:\Demo\cms\Application\Common\Common\function.php 第 35 行.
NOTIC: [8] Undefined index: a D:\Demo\cms\Application\Common\Common\function.php 第 35 行.
NOTIC: [8] Undefined variable: title D:\Demo\cms\Application\Runtime\Cache\Admin\b8a8b9d170e6c07d7b463ea02385894d.php 第 120 行.
INFO: Run Behavior\ParseTemplateBehavior [ RunTime:0.030002s ]
INFO: [ view_parse ] --END-- [ RunTime:0.030002s ]
INFO: [ view_filter ] --START--
INFO: Run Behavior\WriteHtmlCacheBehavior [ RunTime:0.001000s ]
INFO: [ view_filter ] --END-- [ RunTime:0.001000s ]
INFO: [ app_end ] --START--
INFO: Run Behavior\ShowPageTraceBehavior [ RunTime:0.001000s ]
INFO: [ app_end ] --END-- [ RunTime:0.001000s ]

[ 2017-04-23T10:34:25+08:00 ] 127.0.0.1 /admin.php?c=positioncontent&a=add
INFO: [ app_init ] --START--
INFO: Run Behavior\BuildLiteBehavior [ RunTime:0.000000s ]
INFO: [ app_init ] --END-- [ RunTime:0.000000s ]
INFO: [ app_begin ] --START--
INFO: Run Behavior\ReadHtmlCacheBehavior [ RunTime:0.001000s ]
INFO: [ app_begin ] --END-- [ RunTime:0.001000s ]
NOTIC: [2048] Declaration of Admin\Controller\PositioncontentController::setStatus() should be compatible with Admin\Controller\CommonController::setStatus($data, $models) D:\Demo\cms\Application\Admin\Controller\PositioncontentController.class.php 第 9 行.
NOTIC: [2048] Declaration of Admin\Controller\PositioncontentController::listorder() should be compatible with Admin\Controller\CommonController::listorder($model = '') D:\Demo\cms\Application\Admin\Controller\PositioncontentController.class.php 第 9 行.
NOTIC: [2048] Declaration of Common\Model\PositionModel::find() should be compatible with Think\Model::find($options = Array) D:\Demo\cms\Application\Common\Model\PositionModel.class.php 第 9 行.
SQL: SHOW COLUMNS FROM `cms_position` [ RunTime:0.0010s ]
SQL: SELECT * FROM `cms_position` WHERE `status` = 1 ORDER BY id  [ RunTime:0.0000s ]
INFO: [ view_parse ] --START--
INFO: [ template_filter ] --START--
INFO: Run Behavior\ContentReplaceBehavior [ RunTime:0.000000s ]
INFO: [ template_filter ] --END-- [ RunTime:0.000000s ]
NOTIC: [2048] Declaration of Common\Model\MenuModel::find() should be compatible with Think\Model::find($options = Array) D:\Demo\cms\Application\Common\Model\MenuModel.class.php 第 98 行.
SQL: SHOW COLUMNS FROM `cms_menu` [ RunTime:0.0010s ]
SQL: SELECT * FROM `cms_menu` WHERE `status` <> -1 AND `type` = 1 ORDER BY listorder desc,menu_id desc  [ RunTime:0.0010s ]
NOTIC: [8] Undefined index: a D:\Demo\cms\Application\Common\Common\function.php 第 35 行.
NOTIC: [8] Undefined index: a D:\Demo\cms\Application\Common\Common\function.php 第 35 行.
NOTIC: [8] Undefined index: a D:\Demo\cms\Application\Common\Common\function.php 第 35 行.
NOTIC: [8] Undefined index: a D:\Demo\cms\Application\Common\Common\function.php 第 35 行.
NOTIC: [8] Undefined index: a D:\Demo\cms\Application\Common\Common\function.php 第 35 行.
NOTIC: [8] Undefined index: a D:\Demo\cms\Application\Common\Common\function.php 第 35 行.
INFO: Run Behavior\ParseTemplateBehavior [ RunTime:0.049003s ]
INFO: [ view_parse ] --END-- [ RunTime:0.050003s ]
INFO: [ view_filter ] --START--
INFO: Run Behavior\WriteHtmlCacheBehavior [ RunTime:0.000000s ]
INFO: [ view_filter ] --END-- [ RunTime:0.000000s ]
INFO: [ app_end ] --START--
INFO: Run Behavior\ShowPageTraceBehavior [ RunTime:0.000000s ]
INFO: [ app_end ] --END-- [ RunTime:0.000000s ]

[ 2017-04-23T10:35:00+08:00 ] 127.0.0.1 /admin.php?c=image&a=ajaxuploadimage
INFO: [ app_init ] --START--
INFO: Run Behavior\BuildLiteBehavior [ RunTime:0.000000s ]
INFO: [ app_init ] --END-- [ RunTime:0.001001s ]
INFO: [ app_begin ] --START--
INFO: Run Behavior\ReadHtmlCacheBehavior [ RunTime:0.001000s ]
INFO: [ app_begin ] --END-- [ RunTime:0.002000s ]
NOTIC: [8] Use of undefined constant Y - assumed 'Y' D:\Demo\cms\Application\Common\Model\UploadImageModel.class.php 第 19 行.
NOTIC: [8] Use of undefined constant m - assumed 'm' D:\Demo\cms\Application\Common\Model\UploadImageModel.class.php 第 19 行.
NOTIC: [8] Use of undefined constant d - assumed 'd' D:\Demo\cms\Application\Common\Model\UploadImageModel.class.php 第 19 行.
NOTIC: [2] call_user_func() expects parameter 1 to be a valid callback, no array or string given D:\Demo\cms\ThinkPHP\Library\Think\Upload.class.php 第 170 行.

[ 2017-04-23T10:35:16+08:00 ] 127.0.0.1 /admin.php?c=content
INFO: [ app_init ] --START--
INFO: Run Behavior\BuildLiteBehavior [ RunTime:0.000000s ]
INFO: [ app_init ] --END-- [ RunTime:0.001000s ]
INFO: [ app_begin ] --START--
INFO: Run Behavior\ReadHtmlCacheBehavior [ RunTime:0.001000s ]
INFO: [ app_begin ] --END-- [ RunTime:0.002000s ]
NOTIC: [2048] Declaration of Admin\Controller\ContentController::setStatus() should be compatible with Admin\Controller\CommonController::setStatus($data, $models) D:\Demo\cms\Application\Admin\Controller\ContentController.class.php 第 12 行.
NOTIC: [2048] Declaration of Admin\Controller\ContentController::listorder() should be compatible with Admin\Controller\CommonController::listorder($model = '') D:\Demo\cms\Application\Admin\Controller\ContentController.class.php 第 12 行.
NOTIC: [8] Undefined index: title D:\Demo\cms\Application\Admin\Controller\ContentController.class.php 第 16 行.
NOTIC: [8] Undefined index: catid D:\Demo\cms\Application\Admin\Controller\ContentController.class.php 第 20 行.
NOTIC: [8] Undefined index: p D:\Demo\cms\Application\Admin\Controller\ContentController.class.php 第 24 行.
NOTIC: [2048] Declaration of Common\Model\NewsModel::find() should be compatible with Think\Model::find($options = Array) D:\Demo\cms\Application\Common\Model\NewsModel.class.php 第 9 行.
SQL: SHOW COLUMNS FROM `cms_news` [ RunTime:0.0010s ]
SQL: SELECT * FROM `cms_news` WHERE `status` <> -1 ORDER BY listorder desc ,news_id desc LIMIT 0,10   [ RunTime:0.0000s ]
SQL: SELECT COUNT(*) AS tp_count FROM `cms_news` WHERE `status` <> -1 LIMIT 1   [ RunTime:0.0010s ]
NOTIC: [8] Undefined variable: sing_path D:\Demo\cms\ThinkPHP\Common\functions.php 第 991 行.
NOTIC: [2048] Declaration of Common\Model\PositionModel::find() should be compatible with Think\Model::find($options = Array) D:\Demo\cms\Application\Common\Model\PositionModel.class.php 第 81 行.
SQL: SHOW COLUMNS FROM `cms_position` [ RunTime:0.0010s ]
SQL: SELECT * FROM `cms_position` WHERE `status` = 1 ORDER BY id  [ RunTime:0.0010s ]
NOTIC: [2048] Declaration of Common\Model\MenuModel::find() should be compatible with Think\Model::find($options = Array) D:\Demo\cms\Application\Common\Model\MenuModel.class.php 第 98 行.
SQL: SHOW COLUMNS FROM `cms_menu` [ RunTime:0.0010s ]
SQL: SELECT * FROM `cms_menu` WHERE `status` = 1 AND `type` = 0 ORDER BY listorder desc,menu_id desc  [ RunTime:0.0000s ]
INFO: [ view_parse ] --START--
INFO: [ template_filter ] --START--
INFO: Run Behavior\ContentReplaceBehavior [ RunTime:0.000000s ]
INFO: [ template_filter ] --END-- [ RunTime:0.001000s ]
SQL: SELECT * FROM `cms_menu` WHERE `status` <> -1 AND `type` = 1 ORDER BY listorder desc,menu_id desc  [ RunTime:0.0000s ]
NOTIC: [8] Undefined index: a D:\Demo\cms\Application\Common\Common\function.php 第 35 行.
NOTIC: [8] Undefined index: a D:\Demo\cms\Application\Common\Common\function.php 第 35 行.
NOTIC: [8] Undefined index: a D:\Demo\cms\Application\Common\Common\function.php 第 35 行.
NOTIC: [8] Undefined index: a D:\Demo\cms\Application\Common\Common\function.php 第 35 行.
NOTIC: [8] Undefined index: a D:\Demo\cms\Application\Common\Common\function.php 第 35 行.
NOTIC: [8] Undefined index: a D:\Demo\cms\Application\Common\Common\function.php 第 35 行.
INFO: Run Behavior\ParseTemplateBehavior [ RunTime:0.035002s ]
INFO: [ view_parse ] --END-- [ RunTime:0.036002s ]
INFO: [ view_filter ] --START--
INFO: Run Behavior\WriteHtmlCacheBehavior [ RunTime:0.002000s ]
INFO: [ view_filter ] --END-- [ RunTime:0.002000s ]
INFO: [ app_end ] --START--
INFO: Run Behavior\ShowPageTraceBehavior [ RunTime:0.002001s ]
INFO: [ app_end ] --END-- [ RunTime:0.002001s ]

[ 2017-04-23T10:35:18+08:00 ] 127.0.0.1 /admin.php?c=position
INFO: [ app_init ] --START--
INFO: Run Behavior\BuildLiteBehavior [ RunTime:0.000000s ]
INFO: [ app_init ] --END-- [ RunTime:0.001000s ]
INFO: [ app_begin ] --START--
INFO: Run Behavior\ReadHtmlCacheBehavior [ RunTime:0.002000s ]
INFO: [ app_begin ] --END-- [ RunTime:0.002000s ]
NOTIC: [2048] Declaration of Admin\Controller\PositionController::setStatus() should be compatible with Admin\Controller\CommonController::setStatus($data, $models) D:\Demo\cms\Application\Admin\Controller\PositionController.class.php 第 7 行.
NOTIC: [2048] Declaration of Common\Model\PositionModel::find() should be compatible with Think\Model::find($options = Array) D:\Demo\cms\Application\Common\Model\PositionModel.class.php 第 9 行.
SQL: SHOW COLUMNS FROM `cms_position` [ RunTime:0.0010s ]
SQL: SELECT * FROM `cms_position` WHERE `status` <> -1 ORDER BY id  [ RunTime:0.0010s ]
INFO: [ view_parse ] --START--
INFO: [ template_filter ] --START--
INFO: Run Behavior\ContentReplaceBehavior [ RunTime:0.001000s ]
INFO: [ template_filter ] --END-- [ RunTime:0.001000s ]
NOTIC: [2048] Declaration of Common\Model\MenuModel::find() should be compatible with Think\Model::find($options = Array) D:\Demo\cms\Application\Common\Model\MenuModel.class.php 第 98 行.
SQL: SHOW COLUMNS FROM `cms_menu` [ RunTime:0.0010s ]
SQL: SELECT * FROM `cms_menu` WHERE `status` <> -1 AND `type` = 1 ORDER BY listorder desc,menu_id desc  [ RunTime:0.0010s ]
NOTIC: [8] Undefined index: a D:\Demo\cms\Application\Common\Common\function.php 第 35 行.
NOTIC: [8] Undefined index: a D:\Demo\cms\Application\Common\Common\function.php 第 35 行.
NOTIC: [8] Undefined index: a D:\Demo\cms\Application\Common\Common\function.php 第 35 行.
NOTIC: [8] Undefined index: a D:\Demo\cms\Application\Common\Common\function.php 第 35 行.
NOTIC: [8] Undefined index: a D:\Demo\cms\Application\Common\Common\function.php 第 35 行.
NOTIC: [8] Undefined index: a D:\Demo\cms\Application\Common\Common\function.php 第 35 行.
INFO: Run Behavior\ParseTemplateBehavior [ RunTime:0.042003s ]
INFO: [ view_parse ] --END-- [ RunTime:0.042003s ]
INFO: [ view_filter ] --START--
INFO: Run Behavior\WriteHtmlCacheBehavior [ RunTime:0.002000s ]
INFO: [ view_filter ] --END-- [ RunTime:0.002000s ]
INFO: [ app_end ] --START--
INFO: Run Behavior\ShowPageTraceBehavior [ RunTime:0.002000s ]
INFO: [ app_end ] --END-- [ RunTime:0.002000s ]

[ 2017-04-23T10:35:20+08:00 ] 127.0.0.1 /admin.php?c=position&a=add
INFO: [ app_init ] --START--
INFO: Run Behavior\BuildLiteBehavior [ RunTime:0.000000s ]
INFO: [ app_init ] --END-- [ RunTime:0.001000s ]
INFO: [ app_begin ] --START--
INFO: Run Behavior\ReadHtmlCacheBehavior [ RunTime:0.002000s ]
INFO: [ app_begin ] --END-- [ RunTime:0.003000s ]
NOTIC: [2048] Declaration of Admin\Controller\PositionController::setStatus() should be compatible with Admin\Controller\CommonController::setStatus($data, $models) D:\Demo\cms\Application\Admin\Controller\PositionController.class.php 第 7 行.
INFO: [ view_parse ] --START--
INFO: [ template_filter ] --START--
INFO: Run Behavior\ContentReplaceBehavior [ RunTime:0.000000s ]
INFO: [ template_filter ] --END-- [ RunTime:0.001000s ]
NOTIC: [2048] Declaration of Common\Model\MenuModel::find() should be compatible with Think\Model::find($options = Array) D:\Demo\cms\Application\Common\Model\MenuModel.class.php 第 5 行.
SQL: SHOW COLUMNS FROM `cms_menu` [ RunTime:0.0010s ]
SQL: SELECT * FROM `cms_menu` WHERE `status` <> -1 AND `type` = 1 ORDER BY listorder desc,menu_id desc  [ RunTime:0.0000s ]
NOTIC: [8] Undefined index: a D:\Demo\cms\Application\Common\Common\function.php 第 35 行.
NOTIC: [8] Undefined index: a D:\Demo\cms\Application\Common\Common\function.php 第 35 行.
NOTIC: [8] Undefined index: a D:\Demo\cms\Application\Common\Common\function.php 第 35 行.
NOTIC: [8] Undefined index: a D:\Demo\cms\Application\Common\Common\function.php 第 35 行.
NOTIC: [8] Undefined index: a D:\Demo\cms\Application\Common\Common\function.php 第 35 行.
NOTIC: [8] Undefined index: a D:\Demo\cms\Application\Common\Common\function.php 第 35 行.
INFO: Run Behavior\ParseTemplateBehavior [ RunTime:0.146008s ]
INFO: [ view_parse ] --END-- [ RunTime:0.146008s ]
INFO: [ view_filter ] --START--
INFO: Run Behavior\WriteHtmlCacheBehavior [ RunTime:0.001000s ]
INFO: [ view_filter ] --END-- [ RunTime:0.001000s ]
INFO: [ app_end ] --START--
INFO: Run Behavior\ShowPageTraceBehavior [ RunTime:0.001000s ]
INFO: [ app_end ] --END-- [ RunTime:0.001000s ]

[ 2017-04-23T10:35:22+08:00 ] 127.0.0.1 /admin.php?c=menu
INFO: [ app_init ] --START--
INFO: Run Behavior\BuildLiteBehavior [ RunTime:0.000000s ]
INFO: [ app_init ] --END-- [ RunTime:0.001000s ]
INFO: [ app_begin ] --START--
INFO: Run Behavior\ReadHtmlCacheBehavior [ RunTime:0.002000s ]
INFO: [ app_begin ] --END-- [ RunTime:0.002000s ]
NOTIC: [2048] Declaration of Admin\Controller\MenuController::setStatus() should be compatible with Admin\Controller\CommonController::setStatus($data, $models) D:\Demo\cms\Application\Admin\Controller\MenuController.class.php 第 10 行.
NOTIC: [2048] Declaration of Admin\Controller\MenuController::listorder() should be compatible with Admin\Controller\CommonController::listorder($model = '') D:\Demo\cms\Application\Admin\Controller\MenuController.class.php 第 10 行.
NOTIC: [8] Undefined index: p D:\Demo\cms\Application\Admin\Controller\MenuController.class.php 第 61 行.
NOTIC: [8] Undefined index: pageSize D:\Demo\cms\Application\Admin\Controller\MenuController.class.php 第 62 行.
NOTIC: [2048] Declaration of Common\Model\MenuModel::find() should be compatible with Think\Model::find($options = Array) D:\Demo\cms\Application\Common\Model\MenuModel.class.php 第 5 行.
SQL: SHOW COLUMNS FROM `cms_menu` [ RunTime:0.0010s ]
SQL: SELECT * FROM `cms_menu` WHERE `status` <> -1 ORDER BY listorder desc,menu_id desc LIMIT 0,3   [ RunTime:0.0000s ]
SQL: SELECT COUNT(*) AS tp_count FROM `cms_menu` WHERE `status` <> -1 LIMIT 1   [ RunTime:0.0000s ]
NOTIC: [8] Undefined variable: sing_path D:\Demo\cms\ThinkPHP\Common\functions.php 第 991 行.
INFO: [ view_parse ] --START--
INFO: [ template_filter ] --START--
INFO: Run Behavior\ContentReplaceBehavior [ RunTime:0.000000s ]
INFO: [ template_filter ] --END-- [ RunTime:0.000000s ]
SQL: SELECT * FROM `cms_menu` WHERE `status` <> -1 AND `type` = 1 ORDER BY listorder desc,menu_id desc  [ RunTime:0.0000s ]
NOTIC: [8] Undefined index: a D:\Demo\cms\Application\Common\Common\function.php 第 35 行.
NOTIC: [8] Undefined index: a D:\Demo\cms\Application\Common\Common\function.php 第 35 行.
NOTIC: [8] Undefined index: a D:\Demo\cms\Application\Common\Common\function.php 第 35 行.
NOTIC: [8] Undefined index: a D:\Demo\cms\Application\Common\Common\function.php 第 35 行.
NOTIC: [8] Undefined index: a D:\Demo\cms\Application\Common\Common\function.php 第 35 行.
NOTIC: [8] Undefined index: a D:\Demo\cms\Application\Common\Common\function.php 第 35 行.
NOTIC: [8] Undefined variable: nav D:\Demo\cms\Application\Runtime\Cache\Admin\b956215329b6f9aca22277599a4efdfc.php 第 101 行.
INFO: Run Behavior\ParseTemplateBehavior [ RunTime:0.025002s ]
INFO: [ view_parse ] --END-- [ RunTime:0.027002s ]
INFO: [ view_filter ] --START--
INFO: Run Behavior\WriteHtmlCacheBehavior [ RunTime:0.001000s ]
INFO: [ view_filter ] --END-- [ RunTime:0.001000s ]
INFO: [ app_end ] --START--
INFO: Run Behavior\ShowPageTraceBehavior [ RunTime:0.002000s ]
INFO: [ app_end ] --END-- [ RunTime:0.002000s ]

[ 2017-04-23T10:35:24+08:00 ] 127.0.0.1 /admin.php?c=menu&a=add
INFO: [ app_init ] --START--
INFO: Run Behavior\BuildLiteBehavior [ RunTime:0.000000s ]
INFO: [ app_init ] --END-- [ RunTime:0.001000s ]
INFO: [ app_begin ] --START--
INFO: Run Behavior\ReadHtmlCacheBehavior [ RunTime:0.002000s ]
INFO: [ app_begin ] --END-- [ RunTime:0.002000s ]
NOTIC: [2048] Declaration of Admin\Controller\MenuController::setStatus() should be compatible with Admin\Controller\CommonController::setStatus($data, $models) D:\Demo\cms\Application\Admin\Controller\MenuController.class.php 第 10 行.
NOTIC: [2048] Declaration of Admin\Controller\MenuController::listorder() should be compatible with Admin\Controller\CommonController::listorder($model = '') D:\Demo\cms\Application\Admin\Controller\MenuController.class.php 第 10 行.
INFO: [ view_parse ] --START--
INFO: [ template_filter ] --START--
INFO: Run Behavior\ContentReplaceBehavior [ RunTime:0.000000s ]
INFO: [ template_filter ] --END-- [ RunTime:0.000000s ]
NOTIC: [2048] Declaration of Common\Model\MenuModel::find() should be compatible with Think\Model::find($options = Array) D:\Demo\cms\Application\Common\Model\MenuModel.class.php 第 5 行.
SQL: SHOW COLUMNS FROM `cms_menu` [ RunTime:0.0010s ]
SQL: SELECT * FROM `cms_menu` WHERE `status` <> -1 AND `type` = 1 ORDER BY listorder desc,menu_id desc  [ RunTime:0.0010s ]
NOTIC: [8] Undefined index: a D:\Demo\cms\Application\Common\Common\function.php 第 35 行.
NOTIC: [8] Undefined index: a D:\Demo\cms\Application\Common\Common\function.php 第 35 行.
NOTIC: [8] Undefined index: a D:\Demo\cms\Application\Common\Common\function.php 第 35 行.
NOTIC: [8] Undefined index: a D:\Demo\cms\Application\Common\Common\function.php 第 35 行.
NOTIC: [8] Undefined index: a D:\Demo\cms\Application\Common\Common\function.php 第 35 行.
NOTIC: [8] Undefined index: a D:\Demo\cms\Application\Common\Common\function.php 第 35 行.
NOTIC: [8] Undefined variable: menus D:\Demo\cms\Application\Runtime\Cache\Admin\31553d7bb41170a30982ff9dddd5d67e.php 第 123 行.
INFO: Run Behavior\ParseTemplateBehavior [ RunTime:0.152009s ]
INFO: [ view_parse ] --END-- [ RunTime:0.153009s ]
INFO: [ view_filter ] --START--
INFO: Run Behavior\WriteHtmlCacheBehavior [ RunTime:0.001000s ]
INFO: [ view_filter ] --END-- [ RunTime:0.002000s ]
INFO: [ app_end ] --START--
INFO: Run Behavior\ShowPageTraceBehavior [ RunTime:0.002000s ]
INFO: [ app_end ] --END-- [ RunTime:0.002000s ]

[ 2017-04-23T10:35:26+08:00 ] 127.0.0.1 /admin.php?c=position
INFO: [ app_init ] --START--
INFO: Run Behavior\BuildLiteBehavior [ RunTime:0.000000s ]
INFO: [ app_init ] --END-- [ RunTime:0.002000s ]
INFO: [ app_begin ] --START--
INFO: Run Behavior\ReadHtmlCacheBehavior [ RunTime:0.002000s ]
INFO: [ app_begin ] --END-- [ RunTime:0.003000s ]
NOTIC: [2048] Declaration of Admin\Controller\PositionController::setStatus() should be compatible with Admin\Controller\CommonController::setStatus($data, $models) D:\Demo\cms\Application\Admin\Controller\PositionController.class.php 第 7 行.
NOTIC: [2048] Declaration of Common\Model\PositionModel::find() should be compatible with Think\Model::find($options = Array) D:\Demo\cms\Application\Common\Model\PositionModel.class.php 第 9 行.
SQL: SHOW COLUMNS FROM `cms_position` [ RunTime:0.0010s ]
SQL: SELECT * FROM `cms_position` WHERE `status` <> -1 ORDER BY id  [ RunTime:0.0000s ]
INFO: [ view_parse ] --START--
INFO: [ template_filter ] --START--
INFO: Run Behavior\ContentReplaceBehavior [ RunTime:0.000000s ]
INFO: [ template_filter ] --END-- [ RunTime:0.000000s ]
NOTIC: [2048] Declaration of Common\Model\MenuModel::find() should be compatible with Think\Model::find($options = Array) D:\Demo\cms\Application\Common\Model\MenuModel.class.php 第 98 行.
SQL: SHOW COLUMNS FROM `cms_menu` [ RunTime:0.0010s ]
SQL: SELECT * FROM `cms_menu` WHERE `status` <> -1 AND `type` = 1 ORDER BY listorder desc,menu_id desc  [ RunTime:0.0010s ]
NOTIC: [8] Undefined index: a D:\Demo\cms\Application\Common\Common\function.php 第 35 行.
NOTIC: [8] Undefined index: a D:\Demo\cms\Application\Common\Common\function.php 第 35 行.
NOTIC: [8] Undefined index: a D:\Demo\cms\Application\Common\Common\function.php 第 35 行.
NOTIC: [8] Undefined index: a D:\Demo\cms\Application\Common\Common\function.php 第 35 行.
NOTIC: [8] Undefined index: a D:\Demo\cms\Application\Common\Common\function.php 第 35 行.
NOTIC: [8] Undefined index: a D:\Demo\cms\Application\Common\Common\function.php 第 35 行.
INFO: Run Behavior\ParseTemplateBehavior [ RunTime:0.031002s ]
INFO: [ view_parse ] --END-- [ RunTime:0.032002s ]
INFO: [ view_filter ] --START--
INFO: Run Behavior\WriteHtmlCacheBehavior [ RunTime:0.002000s ]
INFO: [ view_filter ] --END-- [ RunTime:0.002000s ]
INFO: [ app_end ] --START--
INFO: Run Behavior\ShowPageTraceBehavior [ RunTime:0.002000s ]
INFO: [ app_end ] --END-- [ RunTime:0.002000s ]

[ 2017-04-23T10:35:27+08:00 ] 127.0.0.1 /admin.php?c=content
INFO: [ app_init ] --START--
INFO: Run Behavior\BuildLiteBehavior [ RunTime:0.000000s ]
INFO: [ app_init ] --END-- [ RunTime:0.001000s ]
INFO: [ app_begin ] --START--
INFO: Run Behavior\ReadHtmlCacheBehavior [ RunTime:0.002000s ]
INFO: [ app_begin ] --END-- [ RunTime:0.002000s ]
NOTIC: [2048] Declaration of Admin\Controller\ContentController::setStatus() should be compatible with Admin\Controller\CommonController::setStatus($data, $models) D:\Demo\cms\Application\Admin\Controller\ContentController.class.php 第 12 行.
NOTIC: [2048] Declaration of Admin\Controller\ContentController::listorder() should be compatible with Admin\Controller\CommonController::listorder($model = '') D:\Demo\cms\Application\Admin\Controller\ContentController.class.php 第 12 行.
NOTIC: [8] Undefined index: title D:\Demo\cms\Application\Admin\Controller\ContentController.class.php 第 16 行.
NOTIC: [8] Undefined index: catid D:\Demo\cms\Application\Admin\Controller\ContentController.class.php 第 20 行.
NOTIC: [8] Undefined index: p D:\Demo\cms\Application\Admin\Controller\ContentController.class.php 第 24 行.
NOTIC: [2048] Declaration of Common\Model\NewsModel::find() should be compatible with Think\Model::find($options = Array) D:\Demo\cms\Application\Common\Model\NewsModel.class.php 第 9 行.
SQL: SHOW COLUMNS FROM `cms_news` [ RunTime:0.0010s ]
SQL: SELECT * FROM `cms_news` WHERE `status` <> -1 ORDER BY listorder desc ,news_id desc LIMIT 0,10   [ RunTime:0.0010s ]
SQL: SELECT COUNT(*) AS tp_count FROM `cms_news` WHERE `status` <> -1 LIMIT 1   [ RunTime:0.0010s ]
NOTIC: [8] Undefined variable: sing_path D:\Demo\cms\ThinkPHP\Common\functions.php 第 991 行.
NOTIC: [2048] Declaration of Common\Model\PositionModel::find() should be compatible with Think\Model::find($options = Array) D:\Demo\cms\Application\Common\Model\PositionModel.class.php 第 81 行.
SQL: SHOW COLUMNS FROM `cms_position` [ RunTime:0.0010s ]
SQL: SELECT * FROM `cms_position` WHERE `status` = 1 ORDER BY id  [ RunTime:0.0000s ]
NOTIC: [2048] Declaration of Common\Model\MenuModel::find() should be compatible with Think\Model::find($options = Array) D:\Demo\cms\Application\Common\Model\MenuModel.class.php 第 98 行.
SQL: SHOW COLUMNS FROM `cms_menu` [ RunTime:0.0010s ]
SQL: SELECT * FROM `cms_menu` WHERE `status` = 1 AND `type` = 0 ORDER BY listorder desc,menu_id desc  [ RunTime:0.0000s ]
INFO: [ view_parse ] --START--
INFO: [ template_filter ] --START--
INFO: Run Behavior\ContentReplaceBehavior [ RunTime:0.000000s ]
INFO: [ template_filter ] --END-- [ RunTime:0.001000s ]
SQL: SELECT * FROM `cms_menu` WHERE `status` <> -1 AND `type` = 1 ORDER BY listorder desc,menu_id desc  [ RunTime:0.0010s ]
NOTIC: [8] Undefined index: a D:\Demo\cms\Application\Common\Common\function.php 第 35 行.
NOTIC: [8] Undefined index: a D:\Demo\cms\Application\Common\Common\function.php 第 35 行.
NOTIC: [8] Undefined index: a D:\Demo\cms\Application\Common\Common\function.php 第 35 行.
NOTIC: [8] Undefined index: a D:\Demo\cms\Application\Common\Common\function.php 第 35 行.
NOTIC: [8] Undefined index: a D:\Demo\cms\Application\Common\Common\function.php 第 35 行.
NOTIC: [8] Undefined index: a D:\Demo\cms\Application\Common\Common\function.php 第 35 行.
INFO: Run Behavior\ParseTemplateBehavior [ RunTime:0.036002s ]
INFO: [ view_parse ] --END-- [ RunTime:0.036002s ]
INFO: [ view_filter ] --START--
INFO: Run Behavior\WriteHtmlCacheBehavior [ RunTime:0.001000s ]
INFO: [ view_filter ] --END-- [ RunTime:0.002000s ]
INFO: [ app_end ] --START--
INFO: Run Behavior\ShowPageTraceBehavior [ RunTime:0.003001s ]
INFO: [ app_end ] --END-- [ RunTime:0.003001s ]

[ 2017-04-23T10:35:28+08:00 ] 127.0.0.1 /admin.php?c=content&a=add
INFO: [ app_init ] --START--
INFO: Run Behavior\BuildLiteBehavior [ RunTime:0.000000s ]
INFO: [ app_init ] --END-- [ RunTime:0.001000s ]
INFO: [ app_begin ] --START--
INFO: Run Behavior\ReadHtmlCacheBehavior [ RunTime:0.002000s ]
INFO: [ app_begin ] --END-- [ RunTime:0.002000s ]
NOTIC: [2048] Declaration of Admin\Controller\ContentController::setStatus() should be compatible with Admin\Controller\CommonController::setStatus($data, $models) D:\Demo\cms\Application\Admin\Controller\ContentController.class.php 第 12 行.
NOTIC: [2048] Declaration of Admin\Controller\ContentController::listorder() should be compatible with Admin\Controller\CommonController::listorder($model = '') D:\Demo\cms\Application\Admin\Controller\ContentController.class.php 第 12 行.
NOTIC: [2048] Declaration of Common\Model\MenuModel::find() should be compatible with Think\Model::find($options = Array) D:\Demo\cms\Application\Common\Model\MenuModel.class.php 第 5 行.
SQL: SHOW COLUMNS FROM `cms_menu` [ RunTime:0.0010s ]
SQL: SELECT * FROM `cms_menu` WHERE `status` = 1 AND `type` = 0 ORDER BY listorder desc,menu_id desc  [ RunTime:0.0000s ]
INFO: [ view_parse ] --START--
INFO: [ template_filter ] --START--
INFO: Run Behavior\ContentReplaceBehavior [ RunTime:0.001000s ]
INFO: [ template_filter ] --END-- [ RunTime:0.001000s ]
SQL: SELECT * FROM `cms_menu` WHERE `status` <> -1 AND `type` = 1 ORDER BY listorder desc,menu_id desc  [ RunTime:0.0010s ]
NOTIC: [8] Undefined index: a D:\Demo\cms\Application\Common\Common\function.php 第 35 行.
NOTIC: [8] Undefined index: a D:\Demo\cms\Application\Common\Common\function.php 第 35 行.
NOTIC: [8] Undefined index: a D:\Demo\cms\Application\Common\Common\function.php 第 35 行.
NOTIC: [8] Undefined index: a D:\Demo\cms\Application\Common\Common\function.php 第 35 行.
NOTIC: [8] Undefined index: a D:\Demo\cms\Application\Common\Common\function.php 第 35 行.
NOTIC: [8] Undefined index: a D:\Demo\cms\Application\Common\Common\function.php 第 35 行.
INFO: Run Behavior\ParseTemplateBehavior [ RunTime:0.042003s ]
INFO: [ view_parse ] --END-- [ RunTime:0.043003s ]
INFO: [ view_filter ] --START--
INFO: Run Behavior\WriteHtmlCacheBehavior [ RunTime:0.001000s ]
INFO: [ view_filter ] --END-- [ RunTime:0.001000s ]
INFO: [ app_end ] --START--
INFO: Run Behavior\ShowPageTraceBehavior [ RunTime:0.005000s ]
INFO: [ app_end ] --END-- [ RunTime:0.005000s ]

[ 2017-04-23T14:44:16+08:00 ] 127.0.0.1 /admin.php
INFO: [ app_init ] --START--
INFO: Run Behavior\BuildLiteBehavior [ RunTime:0.000000s ]
INFO: [ app_init ] --END-- [ RunTime:0.001000s ]
INFO: [ app_begin ] --START--
INFO: Run Behavior\ReadHtmlCacheBehavior [ RunTime:0.001000s ]
INFO: [ app_begin ] --END-- [ RunTime:0.001000s ]
NOTIC: [2048] Declaration of Common\Model\NewsModel::find() should be compatible with Think\Model::find($options = Array) D:\Demo\cms\Application\Common\Model\NewsModel.class.php 第 9 行.
SQL: SHOW COLUMNS FROM `cms_news` [ RunTime:0.0010s ]
SQL: SELECT * FROM `cms_news` WHERE `status` = 1 ORDER BY count desc LIMIT 1   [ RunTime:0.0000s ]
SQL: SELECT COUNT(*) AS tp_count FROM `cms_news` WHERE `status` <> -1 LIMIT 1   [ RunTime:0.0000s ]
NOTIC: [2048] Declaration of Common\Model\PositionModel::find() should be compatible with Think\Model::find($options = Array) D:\Demo\cms\Application\Common\Model\PositionModel.class.php 第 81 行.
SQL: SHOW COLUMNS FROM `cms_position` [ RunTime:0.0010s ]
SQL: SELECT COUNT(*) AS tp_count FROM `cms_position` WHERE `status` = 1 LIMIT 1   [ RunTime:0.0000s ]
SQL: SHOW COLUMNS FROM `cms_admin` [ RunTime:0.0010s ]
SQL: SELECT COUNT(*) AS tp_count FROM `cms_admin` WHERE `status` = 1 AND `lastlogintime` > 1492876800 LIMIT 1   [ RunTime:0.0010s ]
NOTIC: [2] Illegal string offset 'tp_count' D:\Demo\cms\Application\Common\Model\AdminModel.class.php 第 78 行.
INFO: [ view_parse ] --START--
INFO: [ template_filter ] --START--
INFO: Run Behavior\ContentReplaceBehavior [ RunTime:0.000000s ]
INFO: [ template_filter ] --END-- [ RunTime:0.001000s ]
NOTIC: [2048] Declaration of Common\Model\MenuModel::find() should be compatible with Think\Model::find($options = Array) D:\Demo\cms\Application\Common\Model\MenuModel.class.php 第 98 行.
SQL: SHOW COLUMNS FROM `cms_menu` [ RunTime:0.0010s ]
SQL: SELECT * FROM `cms_menu` WHERE `status` <> -1 AND `type` = 1 ORDER BY listorder desc,menu_id desc  [ RunTime:0.0000s ]
NOTIC: [8] Undefined index: a D:\Demo\cms\Application\Common\Common\function.php 第 35 行.
NOTIC: [8] Undefined index: a D:\Demo\cms\Application\Common\Common\function.php 第 35 行.
NOTIC: [8] Undefined index: a D:\Demo\cms\Application\Common\Common\function.php 第 35 行.
NOTIC: [8] Undefined index: a D:\Demo\cms\Application\Common\Common\function.php 第 35 行.
NOTIC: [8] Undefined index: a D:\Demo\cms\Application\Common\Common\function.php 第 35 行.
NOTIC: [8] Undefined index: a D:\Demo\cms\Application\Common\Common\function.php 第 35 行.
INFO: Run Behavior\ParseTemplateBehavior [ RunTime:0.063003s ]
INFO: [ view_parse ] --END-- [ RunTime:0.064003s ]
INFO: [ view_filter ] --START--
INFO: Run Behavior\WriteHtmlCacheBehavior [ RunTime:0.000000s ]
INFO: [ view_filter ] --END-- [ RunTime:0.001001s ]
INFO: [ app_end ] --START--
INFO: Run Behavior\ShowPageTraceBehavior [ RunTime:0.002000s ]
INFO: [ app_end ] --END-- [ RunTime:0.002000s ]

[ 2017-04-23T14:44:19+08:00 ] 127.0.0.1 /admin.php?c=menu
INFO: [ app_init ] --START--
INFO: Run Behavior\BuildLiteBehavior [ RunTime:0.000000s ]
INFO: [ app_init ] --END-- [ RunTime:0.000000s ]
INFO: [ app_begin ] --START--
INFO: Run Behavior\ReadHtmlCacheBehavior [ RunTime:0.001000s ]
INFO: [ app_begin ] --END-- [ RunTime:0.001000s ]
NOTIC: [2048] Declaration of Admin\Controller\MenuController::setStatus() should be compatible with Admin\Controller\CommonController::setStatus($data, $models) D:\Demo\cms\Application\Admin\Controller\MenuController.class.php 第 10 行.
NOTIC: [2048] Declaration of Admin\Controller\MenuController::listorder() should be compatible with Admin\Controller\CommonController::listorder($model = '') D:\Demo\cms\Application\Admin\Controller\MenuController.class.php 第 10 行.
NOTIC: [8] Undefined index: p D:\Demo\cms\Application\Admin\Controller\MenuController.class.php 第 61 行.
NOTIC: [8] Undefined index: pageSize D:\Demo\cms\Application\Admin\Controller\MenuController.class.php 第 62 行.
NOTIC: [2048] Declaration of Common\Model\MenuModel::find() should be compatible with Think\Model::find($options = Array) D:\Demo\cms\Application\Common\Model\MenuModel.class.php 第 5 行.
SQL: SHOW COLUMNS FROM `cms_menu` [ RunTime:0.0010s ]
SQL: SELECT * FROM `cms_menu` WHERE `status` <> -1 ORDER BY listorder desc,menu_id desc LIMIT 0,3   [ RunTime:0.0000s ]
SQL: SELECT COUNT(*) AS tp_count FROM `cms_menu` WHERE `status` <> -1 LIMIT 1   [ RunTime:0.0000s ]
NOTIC: [8] Undefined variable: sing_path D:\Demo\cms\ThinkPHP\Common\functions.php 第 991 行.
INFO: [ view_parse ] --START--
INFO: [ template_filter ] --START--
INFO: Run Behavior\ContentReplaceBehavior [ RunTime:0.000000s ]
INFO: [ template_filter ] --END-- [ RunTime:0.000000s ]
SQL: SELECT * FROM `cms_menu` WHERE `status` <> -1 AND `type` = 1 ORDER BY listorder desc,menu_id desc  [ RunTime:0.0000s ]
NOTIC: [8] Undefined index: a D:\Demo\cms\Application\Common\Common\function.php 第 35 行.
NOTIC: [8] Undefined index: a D:\Demo\cms\Application\Common\Common\function.php 第 35 行.
NOTIC: [8] Undefined index: a D:\Demo\cms\Application\Common\Common\function.php 第 35 行.
NOTIC: [8] Undefined index: a D:\Demo\cms\Application\Common\Common\function.php 第 35 行.
NOTIC: [8] Undefined index: a D:\Demo\cms\Application\Common\Common\function.php 第 35 行.
NOTIC: [8] Undefined index: a D:\Demo\cms\Application\Common\Common\function.php 第 35 行.
NOTIC: [8] Undefined variable: nav D:\Demo\cms\Application\Runtime\Cache\Admin\b956215329b6f9aca22277599a4efdfc.php 第 101 行.
INFO: Run Behavior\ParseTemplateBehavior [ RunTime:0.033002s ]
INFO: [ view_parse ] --END-- [ RunTime:0.033002s ]
INFO: [ view_filter ] --START--
INFO: Run Behavior\WriteHtmlCacheBehavior [ RunTime:0.000000s ]
INFO: [ view_filter ] --END-- [ RunTime:0.001000s ]
INFO: [ app_end ] --START--
INFO: Run Behavior\ShowPageTraceBehavior [ RunTime:0.006000s ]
INFO: [ app_end ] --END-- [ RunTime:0.006000s ]

[ 2017-04-23T14:44:20+08:00 ] 127.0.0.1 /admin.php?c=position
INFO: [ app_init ] --START--
INFO: Run Behavior\BuildLiteBehavior [ RunTime:0.000000s ]
INFO: [ app_init ] --END-- [ RunTime:0.001000s ]
INFO: [ app_begin ] --START--
INFO: Run Behavior\ReadHtmlCacheBehavior [ RunTime:0.000000s ]
INFO: [ app_begin ] --END-- [ RunTime:0.002000s ]
NOTIC: [2048] Declaration of Admin\Controller\PositionController::setStatus() should be compatible with Admin\Controller\CommonController::setStatus($data, $models) D:\Demo\cms\Application\Admin\Controller\PositionController.class.php 第 7 行.
NOTIC: [2048] Declaration of Common\Model\PositionModel::find() should be compatible with Think\Model::find($options = Array) D:\Demo\cms\Application\Common\Model\PositionModel.class.php 第 9 行.
SQL: SHOW COLUMNS FROM `cms_position` [ RunTime:0.0000s ]
SQL: SELECT * FROM `cms_position` WHERE `status` <> -1 ORDER BY id  [ RunTime:0.0010s ]
INFO: [ view_parse ] --START--
INFO: [ template_filter ] --START--
INFO: Run Behavior\ContentReplaceBehavior [ RunTime:0.000000s ]
INFO: [ template_filter ] --END-- [ RunTime:0.000000s ]
NOTIC: [2048] Declaration of Common\Model\MenuModel::find() should be compatible with Think\Model::find($options = Array) D:\Demo\cms\Application\Common\Model\MenuModel.class.php 第 98 行.
SQL: SHOW COLUMNS FROM `cms_menu` [ RunTime:0.0010s ]
SQL: SELECT * FROM `cms_menu` WHERE `status` <> -1 AND `type` = 1 ORDER BY listorder desc,menu_id desc  [ RunTime:0.0010s ]
NOTIC: [8] Undefined index: a D:\Demo\cms\Application\Common\Common\function.php 第 35 行.
NOTIC: [8] Undefined index: a D:\Demo\cms\Application\Common\Common\function.php 第 35 行.
NOTIC: [8] Undefined index: a D:\Demo\cms\Application\Common\Common\function.php 第 35 行.
NOTIC: [8] Undefined index: a D:\Demo\cms\Application\Common\Common\function.php 第 35 行.
NOTIC: [8] Undefined index: a D:\Demo\cms\Application\Common\Common\function.php 第 35 行.
NOTIC: [8] Undefined index: a D:\Demo\cms\Application\Common\Common\function.php 第 35 行.
INFO: Run Behavior\ParseTemplateBehavior [ RunTime:0.030001s ]
INFO: [ view_parse ] --END-- [ RunTime:0.030001s ]
INFO: [ view_filter ] --START--
INFO: Run Behavior\WriteHtmlCacheBehavior [ RunTime:0.001000s ]
INFO: [ view_filter ] --END-- [ RunTime:0.001000s ]
INFO: [ app_end ] --START--
INFO: Run Behavior\ShowPageTraceBehavior [ RunTime:0.001000s ]
INFO: [ app_end ] --END-- [ RunTime:0.001000s ]

[ 2017-04-23T14:44:46+08:00 ] 127.0.0.1 /admin.php?c=basic
INFO: [ app_init ] --START--
INFO: Run Behavior\BuildLiteBehavior [ RunTime:0.000000s ]
INFO: [ app_init ] --END-- [ RunTime:0.001000s ]
INFO: [ app_begin ] --START--
INFO: Run Behavior\ReadHtmlCacheBehavior [ RunTime:0.001000s ]
INFO: [ app_begin ] --END-- [ RunTime:0.001000s ]
NOTIC: [2048] Declaration of Common\Model\BasicModel::save() should be compatible with Think\Model::save($data = '', $options = Array) D:\Demo\cms\Application\Common\Model\BasicModel.class.php 第 9 行.
NOTIC: [2048] Declaration of Common\Model\BasicModel::select() should be compatible with Think\Model::select($options = Array) D:\Demo\cms\Application\Common\Model\BasicModel.class.php 第 9 行.
INFO: [ view_parse ] --START--
INFO: [ template_filter ] --START--
INFO: Run Behavior\ContentReplaceBehavior [ RunTime:0.000000s ]
INFO: [ template_filter ] --END-- [ RunTime:0.000000s ]
NOTIC: [2048] Declaration of Common\Model\MenuModel::find() should be compatible with Think\Model::find($options = Array) D:\Demo\cms\Application\Common\Model\MenuModel.class.php 第 98 行.
SQL: SHOW COLUMNS FROM `cms_menu` [ RunTime:0.0000s ]
SQL: SELECT * FROM `cms_menu` WHERE `status` <> -1 AND `type` = 1 ORDER BY listorder desc,menu_id desc  [ RunTime:0.0010s ]
NOTIC: [8] Undefined index: a D:\Demo\cms\Application\Common\Common\function.php 第 35 行.
NOTIC: [8] Undefined index: a D:\Demo\cms\Application\Common\Common\function.php 第 35 行.
NOTIC: [8] Undefined index: a D:\Demo\cms\Application\Common\Common\function.php 第 35 行.
NOTIC: [8] Undefined index: a D:\Demo\cms\Application\Common\Common\function.php 第 35 行.
NOTIC: [8] Undefined index: a D:\Demo\cms\Application\Common\Common\function.php 第 35 行.
NOTIC: [8] Undefined index: a D:\Demo\cms\Application\Common\Common\function.php 第 35 行.
INFO: Run Behavior\ParseTemplateBehavior [ RunTime:0.059003s ]
INFO: [ view_parse ] --END-- [ RunTime:0.059003s ]
INFO: [ view_filter ] --START--
INFO: Run Behavior\WriteHtmlCacheBehavior [ RunTime:0.001000s ]
INFO: [ view_filter ] --END-- [ RunTime:0.001000s ]
INFO: [ app_end ] --START--
INFO: Run Behavior\ShowPageTraceBehavior [ RunTime:0.001001s ]
INFO: [ app_end ] --END-- [ RunTime:0.001001s ]

[ 2017-04-23T14:44:53+08:00 ] 127.0.0.1 /admin.php?c=basic&a=cache
INFO: [ app_init ] --START--
INFO: Run Behavior\BuildLiteBehavior [ RunTime:0.000000s ]
INFO: [ app_init ] --END-- [ RunTime:0.001000s ]
INFO: [ app_begin ] --START--
INFO: Run Behavior\ReadHtmlCacheBehavior [ RunTime:0.001000s ]
INFO: [ app_begin ] --END-- [ RunTime:0.001000s ]
INFO: [ view_parse ] --START--
INFO: [ template_filter ] --START--
INFO: Run Behavior\ContentReplaceBehavior [ RunTime:0.000000s ]
INFO: [ template_filter ] --END-- [ RunTime:0.000000s ]
NOTIC: [2048] Declaration of Common\Model\MenuModel::find() should be compatible with Think\Model::find($options = Array) D:\Demo\cms\Application\Common\Model\MenuModel.class.php 第 5 行.
SQL: SHOW COLUMNS FROM `cms_menu` [ RunTime:0.0010s ]
SQL: SELECT * FROM `cms_menu` WHERE `status` <> -1 AND `type` = 1 ORDER BY listorder desc,menu_id desc  [ RunTime:0.0010s ]
NOTIC: [8] Undefined index: a D:\Demo\cms\Application\Common\Common\function.php 第 35 行.
NOTIC: [8] Undefined index: a D:\Demo\cms\Application\Common\Common\function.php 第 35 行.
NOTIC: [8] Undefined index: a D:\Demo\cms\Application\Common\Common\function.php 第 35 行.
NOTIC: [8] Undefined index: a D:\Demo\cms\Application\Common\Common\function.php 第 35 行.
NOTIC: [8] Undefined index: a D:\Demo\cms\Application\Common\Common\function.php 第 35 行.
NOTIC: [8] Undefined index: a D:\Demo\cms\Application\Common\Common\function.php 第 35 行.
INFO: Run Behavior\ParseTemplateBehavior [ RunTime:0.106006s ]
INFO: [ view_parse ] --END-- [ RunTime:0.106006s ]
INFO: [ view_filter ] --START--
INFO: Run Behavior\WriteHtmlCacheBehavior [ RunTime:0.001000s ]
INFO: [ view_filter ] --END-- [ RunTime:0.001000s ]
INFO: [ app_end ] --START--
INFO: Run Behavior\ShowPageTraceBehavior [ RunTime:0.001000s ]
INFO: [ app_end ] --END-- [ RunTime:0.001000s ]

[ 2017-04-23T14:44:55+08:00 ] 127.0.0.1 /admin.php?c=basic
INFO: [ app_init ] --START--
INFO: Run Behavior\BuildLiteBehavior [ RunTime:0.000000s ]
INFO: [ app_init ] --END-- [ RunTime:0.000000s ]
INFO: [ app_begin ] --START--
INFO: Run Behavior\ReadHtmlCacheBehavior [ RunTime:0.001000s ]
INFO: [ app_begin ] --END-- [ RunTime:0.001000s ]
NOTIC: [2048] Declaration of Common\Model\BasicModel::save() should be compatible with Think\Model::save($data = '', $options = Array) D:\Demo\cms\Application\Common\Model\BasicModel.class.php 第 9 行.
NOTIC: [2048] Declaration of Common\Model\BasicModel::select() should be compatible with Think\Model::select($options = Array) D:\Demo\cms\Application\Common\Model\BasicModel.class.php 第 9 行.
INFO: [ view_parse ] --START--
INFO: [ template_filter ] --START--
INFO: Run Behavior\ContentReplaceBehavior [ RunTime:0.001000s ]
INFO: [ template_filter ] --END-- [ RunTime:0.001000s ]
NOTIC: [2048] Declaration of Common\Model\MenuModel::find() should be compatible with Think\Model::find($options = Array) D:\Demo\cms\Application\Common\Model\MenuModel.class.php 第 98 行.
SQL: SHOW COLUMNS FROM `cms_menu` [ RunTime:0.0010s ]
SQL: SELECT * FROM `cms_menu` WHERE `status` <> -1 AND `type` = 1 ORDER BY listorder desc,menu_id desc  [ RunTime:0.0010s ]
NOTIC: [8] Undefined index: a D:\Demo\cms\Application\Common\Common\function.php 第 35 行.
NOTIC: [8] Undefined index: a D:\Demo\cms\Application\Common\Common\function.php 第 35 行.
NOTIC: [8] Undefined index: a D:\Demo\cms\Application\Common\Common\function.php 第 35 行.
NOTIC: [8] Undefined index: a D:\Demo\cms\Application\Common\Common\function.php 第 35 行.
NOTIC: [8] Undefined index: a D:\Demo\cms\Application\Common\Common\function.php 第 35 行.
NOTIC: [8] Undefined index: a D:\Demo\cms\Application\Common\Common\function.php 第 35 行.
INFO: Run Behavior\ParseTemplateBehavior [ RunTime:0.040003s ]
INFO: [ view_parse ] --END-- [ RunTime:0.041003s ]
INFO: [ view_filter ] --START--
INFO: Run Behavior\WriteHtmlCacheBehavior [ RunTime:0.001000s ]
INFO: [ view_filter ] --END-- [ RunTime:0.001000s ]
INFO: [ app_end ] --START--
INFO: Run Behavior\ShowPageTraceBehavior [ RunTime:0.001000s ]
INFO: [ app_end ] --END-- [ RunTime:0.001000s ]

