[ 2017-04-25T11:55:02+08:00 ] 127.0.0.1 /admin.php
INFO: [ app_init ] --START--
INFO: Run Behavior\BuildLiteBehavior [ RunTime:0.000000s ]
INFO: [ app_init ] --END-- [ RunTime:0.001000s ]
INFO: [ app_begin ] --START--
INFO: Run Behavior\ReadHtmlCacheBehavior [ RunTime:0.001000s ]
INFO: [ app_begin ] --END-- [ RunTime:0.001000s ]
NOTIC: [8] Undefined variable: sing_path D:\Demo\cms\ThinkPHP\Common\functions.php 第 991 行.
NOTIC: [8] Undefined variable: module D:\Demo\cms\ThinkPHP\Common\functions.php 第 994 行.
NOTIC: [8] Undefined variable: var D:\Demo\cms\ThinkPHP\Common\functions.php 第 997 行.
NOTIC: [2] array_reverse() expects parameter 1 to be array, null given D:\Demo\cms\ThinkPHP\Common\functions.php 第 997 行.
NOTIC: [2] http_build_query(): Parameter 1 expected to be Array or Object.  Incorrect value given D:\Demo\cms\ThinkPHP\Common\functions.php 第 997 行.

[ 2017-04-25T11:55:03+08:00 ] 127.0.0.1 /admin.php?&c=login
INFO: [ app_init ] --START--
INFO: Run Behavior\BuildLiteBehavior [ RunTime:0.000000s ]
INFO: [ app_init ] --END-- [ RunTime:0.001000s ]
INFO: [ app_begin ] --START--
INFO: Run Behavior\ReadHtmlCacheBehavior [ RunTime:0.000000s ]
INFO: [ app_begin ] --END-- [ RunTime:0.001000s ]
INFO: [ view_parse ] --START--
INFO: [ template_filter ] --START--
INFO: Run Behavior\ContentReplaceBehavior [ RunTime:0.018001s ]
INFO: [ template_filter ] --END-- [ RunTime:0.019001s ]
INFO: Run Behavior\ParseTemplateBehavior [ RunTime:0.041002s ]
INFO: [ view_parse ] --END-- [ RunTime:0.042002s ]
INFO: [ view_filter ] --START--
INFO: Run Behavior\WriteHtmlCacheBehavior [ RunTime:0.001000s ]
INFO: [ view_filter ] --END-- [ RunTime:0.001000s ]
INFO: [ app_end ] --START--
INFO: Run Behavior\ShowPageTraceBehavior [ RunTime:0.001000s ]
INFO: [ app_end ] --END-- [ RunTime:0.001000s ]

[ 2017-04-25T11:55:06+08:00 ] 127.0.0.1 /admin.php?c=login&a=check
INFO: [ app_init ] --START--
INFO: Run Behavior\BuildLiteBehavior [ RunTime:0.000000s ]
INFO: [ app_init ] --END-- [ RunTime:0.002000s ]
INFO: [ app_begin ] --START--
INFO: Run Behavior\ReadHtmlCacheBehavior [ RunTime:0.001000s ]
INFO: [ app_begin ] --END-- [ RunTime:0.001000s ]
SQL: SHOW COLUMNS FROM `cms_admin` [ RunTime:0.0170s ]
SQL: SELECT * FROM `cms_admin` WHERE ( username="admin" ) LIMIT 1   [ RunTime:0.0000s ]

[ 2017-04-25T11:55:08+08:00 ] 127.0.0.1 /admin.php?c=index
INFO: [ app_init ] --START--
INFO: Run Behavior\BuildLiteBehavior [ RunTime:0.000000s ]
INFO: [ app_init ] --END-- [ RunTime:0.000000s ]
INFO: [ app_begin ] --START--
INFO: Run Behavior\ReadHtmlCacheBehavior [ RunTime:0.000000s ]
INFO: [ app_begin ] --END-- [ RunTime:0.001000s ]
NOTIC: [2048] Declaration of Common\Model\NewsModel::find() should be compatible with Think\Model::find($options = Array) D:\Demo\cms\Application\Common\Model\NewsModel.class.php 第 9 行.
SQL: SHOW COLUMNS FROM `cms_news` [ RunTime:0.0020s ]
SQL: SELECT * FROM `cms_news` WHERE `status` = 1 ORDER BY count desc LIMIT 1   [ RunTime:0.0000s ]
SQL: SELECT COUNT(*) AS tp_count FROM `cms_news` WHERE `status` <> -1 LIMIT 1   [ RunTime:0.0000s ]
NOTIC: [2048] Declaration of Common\Model\PositionModel::find() should be compatible with Think\Model::find($options = Array) D:\Demo\cms\Application\Common\Model\PositionModel.class.php 第 81 行.
SQL: SHOW COLUMNS FROM `cms_position` [ RunTime:0.1010s ]
SQL: SELECT COUNT(*) AS tp_count FROM `cms_position` WHERE `status` = 1 LIMIT 1   [ RunTime:0.0010s ]
SQL: SHOW COLUMNS FROM `cms_admin` [ RunTime:0.0010s ]
SQL: SELECT COUNT(*) AS tp_count FROM `cms_admin` WHERE `status` = 1 AND `lastlogintime` > 1493049600 LIMIT 1   [ RunTime:0.0010s ]
NOTIC: [2] Illegal string offset 'tp_count' D:\Demo\cms\Application\Common\Model\AdminModel.class.php 第 78 行.
INFO: [ view_parse ] --START--
INFO: [ template_filter ] --START--
INFO: Run Behavior\ContentReplaceBehavior [ RunTime:0.000000s ]
INFO: [ template_filter ] --END-- [ RunTime:0.000000s ]
NOTIC: [2048] Declaration of Common\Model\MenuModel::find() should be compatible with Think\Model::find($options = Array) D:\Demo\cms\Application\Common\Model\MenuModel.class.php 第 98 行.
SQL: SHOW COLUMNS FROM `cms_menu` [ RunTime:0.0010s ]
SQL: SELECT * FROM `cms_menu` WHERE `status` <> -1 AND `type` = 1 ORDER BY listorder desc,menu_id desc  [ RunTime:0.0010s ]
NOTIC: [8] Undefined index: a D:\Demo\cms\Application\Common\Common\function.php 第 35 行.
NOTIC: [8] Undefined index: a D:\Demo\cms\Application\Common\Common\function.php 第 35 行.
NOTIC: [8] Undefined index: a D:\Demo\cms\Application\Common\Common\function.php 第 35 行.
NOTIC: [8] Undefined index: a D:\Demo\cms\Application\Common\Common\function.php 第 35 行.
NOTIC: [8] Undefined index: a D:\Demo\cms\Application\Common\Common\function.php 第 35 行.
NOTIC: [8] Undefined index: a D:\Demo\cms\Application\Common\Common\function.php 第 35 行.
INFO: Run Behavior\ParseTemplateBehavior [ RunTime:0.067004s ]
INFO: [ view_parse ] --END-- [ RunTime:0.067004s ]
INFO: [ view_filter ] --START--
INFO: Run Behavior\WriteHtmlCacheBehavior [ RunTime:0.000000s ]
INFO: [ view_filter ] --END-- [ RunTime:0.001000s ]
INFO: [ app_end ] --START--
INFO: Run Behavior\ShowPageTraceBehavior [ RunTime:0.000000s ]
INFO: [ app_end ] --END-- [ RunTime:0.000000s ]

[ 2017-04-25T11:55:12+08:00 ] 127.0.0.1 /admin.php?c=menu
INFO: [ app_init ] --START--
INFO: Run Behavior\BuildLiteBehavior [ RunTime:0.000000s ]
INFO: [ app_init ] --END-- [ RunTime:0.001000s ]
INFO: [ app_begin ] --START--
INFO: Run Behavior\ReadHtmlCacheBehavior [ RunTime:0.000000s ]
INFO: [ app_begin ] --END-- [ RunTime:0.001000s ]
NOTIC: [2048] Declaration of Admin\Controller\MenuController::setStatus() should be compatible with Admin\Controller\CommonController::setStatus($data, $models) D:\Demo\cms\Application\Admin\Controller\MenuController.class.php 第 10 行.
NOTIC: [2048] Declaration of Admin\Controller\MenuController::listorder() should be compatible with Admin\Controller\CommonController::listorder($model = '') D:\Demo\cms\Application\Admin\Controller\MenuController.class.php 第 10 行.
NOTIC: [8] Undefined index: p D:\Demo\cms\Application\Admin\Controller\MenuController.class.php 第 61 行.
NOTIC: [8] Undefined index: pageSize D:\Demo\cms\Application\Admin\Controller\MenuController.class.php 第 62 行.
NOTIC: [2048] Declaration of Common\Model\MenuModel::find() should be compatible with Think\Model::find($options = Array) D:\Demo\cms\Application\Common\Model\MenuModel.class.php 第 5 行.
SQL: SHOW COLUMNS FROM `cms_menu` [ RunTime:0.0020s ]
SQL: SELECT * FROM `cms_menu` WHERE `status` <> -1 ORDER BY listorder desc,menu_id desc LIMIT 0,3   [ RunTime:0.0010s ]
SQL: SELECT COUNT(*) AS tp_count FROM `cms_menu` WHERE `status` <> -1 LIMIT 1   [ RunTime:0.0000s ]
NOTIC: [8] Undefined variable: sing_path D:\Demo\cms\ThinkPHP\Common\functions.php 第 991 行.
INFO: [ view_parse ] --START--
INFO: [ template_filter ] --START--
INFO: Run Behavior\ContentReplaceBehavior [ RunTime:0.000000s ]
INFO: [ template_filter ] --END-- [ RunTime:0.000000s ]
SQL: SELECT * FROM `cms_menu` WHERE `status` <> -1 AND `type` = 1 ORDER BY listorder desc,menu_id desc  [ RunTime:0.0010s ]
NOTIC: [8] Undefined index: a D:\Demo\cms\Application\Common\Common\function.php 第 35 行.
NOTIC: [8] Undefined index: a D:\Demo\cms\Application\Common\Common\function.php 第 35 行.
NOTIC: [8] Undefined index: a D:\Demo\cms\Application\Common\Common\function.php 第 35 行.
NOTIC: [8] Undefined index: a D:\Demo\cms\Application\Common\Common\function.php 第 35 行.
NOTIC: [8] Undefined index: a D:\Demo\cms\Application\Common\Common\function.php 第 35 行.
NOTIC: [8] Undefined index: a D:\Demo\cms\Application\Common\Common\function.php 第 35 行.
NOTIC: [8] Undefined variable: nav D:\Demo\cms\Application\Runtime\Cache\Admin\b956215329b6f9aca22277599a4efdfc.php 第 101 行.
INFO: Run Behavior\ParseTemplateBehavior [ RunTime:0.041002s ]
INFO: [ view_parse ] --END-- [ RunTime:0.041002s ]
INFO: [ view_filter ] --START--
INFO: Run Behavior\WriteHtmlCacheBehavior [ RunTime:0.000000s ]
INFO: [ view_filter ] --END-- [ RunTime:0.001000s ]
INFO: [ app_end ] --START--
INFO: Run Behavior\ShowPageTraceBehavior [ RunTime:0.000000s ]
INFO: [ app_end ] --END-- [ RunTime:0.001001s ]

[ 2017-04-25T11:55:13+08:00 ] 127.0.0.1 /admin.php?c=menu&a=add
INFO: [ app_init ] --START--
INFO: Run Behavior\BuildLiteBehavior [ RunTime:0.000000s ]
INFO: [ app_init ] --END-- [ RunTime:0.001000s ]
INFO: [ app_begin ] --START--
INFO: Run Behavior\ReadHtmlCacheBehavior [ RunTime:0.001000s ]
INFO: [ app_begin ] --END-- [ RunTime:0.001000s ]
NOTIC: [2048] Declaration of Admin\Controller\MenuController::setStatus() should be compatible with Admin\Controller\CommonController::setStatus($data, $models) D:\Demo\cms\Application\Admin\Controller\MenuController.class.php 第 10 行.
NOTIC: [2048] Declaration of Admin\Controller\MenuController::listorder() should be compatible with Admin\Controller\CommonController::listorder($model = '') D:\Demo\cms\Application\Admin\Controller\MenuController.class.php 第 10 行.
INFO: [ view_parse ] --START--
INFO: [ template_filter ] --START--
INFO: Run Behavior\ContentReplaceBehavior [ RunTime:0.000000s ]
INFO: [ template_filter ] --END-- [ RunTime:0.000000s ]
NOTIC: [2048] Declaration of Common\Model\MenuModel::find() should be compatible with Think\Model::find($options = Array) D:\Demo\cms\Application\Common\Model\MenuModel.class.php 第 5 行.
SQL: SHOW COLUMNS FROM `cms_menu` [ RunTime:0.0020s ]
SQL: SELECT * FROM `cms_menu` WHERE `status` <> -1 AND `type` = 1 ORDER BY listorder desc,menu_id desc  [ RunTime:0.0000s ]
NOTIC: [8] Undefined index: a D:\Demo\cms\Application\Common\Common\function.php 第 35 行.
NOTIC: [8] Undefined index: a D:\Demo\cms\Application\Common\Common\function.php 第 35 行.
NOTIC: [8] Undefined index: a D:\Demo\cms\Application\Common\Common\function.php 第 35 行.
NOTIC: [8] Undefined index: a D:\Demo\cms\Application\Common\Common\function.php 第 35 行.
NOTIC: [8] Undefined index: a D:\Demo\cms\Application\Common\Common\function.php 第 35 行.
NOTIC: [8] Undefined index: a D:\Demo\cms\Application\Common\Common\function.php 第 35 行.
NOTIC: [8] Undefined variable: menus D:\Demo\cms\Application\Runtime\Cache\Admin\31553d7bb41170a30982ff9dddd5d67e.php 第 123 行.
INFO: Run Behavior\ParseTemplateBehavior [ RunTime:0.134008s ]
INFO: [ view_parse ] --END-- [ RunTime:0.135008s ]
INFO: [ view_filter ] --START--
INFO: Run Behavior\WriteHtmlCacheBehavior [ RunTime:0.000000s ]
INFO: [ view_filter ] --END-- [ RunTime:0.001000s ]
INFO: [ app_end ] --START--
INFO: Run Behavior\ShowPageTraceBehavior [ RunTime:0.001000s ]
INFO: [ app_end ] --END-- [ RunTime:0.001000s ]

[ 2017-04-25T11:55:16+08:00 ] 127.0.0.1 /admin.php?c=menu
INFO: [ app_init ] --START--
INFO: Run Behavior\BuildLiteBehavior [ RunTime:0.000000s ]
INFO: [ app_init ] --END-- [ RunTime:0.000000s ]
INFO: [ app_begin ] --START--
INFO: Run Behavior\ReadHtmlCacheBehavior [ RunTime:0.000000s ]
INFO: [ app_begin ] --END-- [ RunTime:0.001001s ]
NOTIC: [2048] Declaration of Admin\Controller\MenuController::setStatus() should be compatible with Admin\Controller\CommonController::setStatus($data, $models) D:\Demo\cms\Application\Admin\Controller\MenuController.class.php 第 10 行.
NOTIC: [2048] Declaration of Admin\Controller\MenuController::listorder() should be compatible with Admin\Controller\CommonController::listorder($model = '') D:\Demo\cms\Application\Admin\Controller\MenuController.class.php 第 10 行.
NOTIC: [8] Undefined index: p D:\Demo\cms\Application\Admin\Controller\MenuController.class.php 第 61 行.
NOTIC: [8] Undefined index: pageSize D:\Demo\cms\Application\Admin\Controller\MenuController.class.php 第 62 行.
NOTIC: [2048] Declaration of Common\Model\MenuModel::find() should be compatible with Think\Model::find($options = Array) D:\Demo\cms\Application\Common\Model\MenuModel.class.php 第 5 行.
SQL: SHOW COLUMNS FROM `cms_menu` [ RunTime:0.0020s ]
SQL: SELECT * FROM `cms_menu` WHERE `status` <> -1 ORDER BY listorder desc,menu_id desc LIMIT 0,3   [ RunTime:0.0010s ]
SQL: SELECT COUNT(*) AS tp_count FROM `cms_menu` WHERE `status` <> -1 LIMIT 1   [ RunTime:0.0010s ]
NOTIC: [8] Undefined variable: sing_path D:\Demo\cms\ThinkPHP\Common\functions.php 第 991 行.
INFO: [ view_parse ] --START--
INFO: [ template_filter ] --START--
INFO: Run Behavior\ContentReplaceBehavior [ RunTime:0.000000s ]
INFO: [ template_filter ] --END-- [ RunTime:0.000000s ]
SQL: SELECT * FROM `cms_menu` WHERE `status` <> -1 AND `type` = 1 ORDER BY listorder desc,menu_id desc  [ RunTime:0.0010s ]
NOTIC: [8] Undefined index: a D:\Demo\cms\Application\Common\Common\function.php 第 35 行.
NOTIC: [8] Undefined index: a D:\Demo\cms\Application\Common\Common\function.php 第 35 行.
NOTIC: [8] Undefined index: a D:\Demo\cms\Application\Common\Common\function.php 第 35 行.
NOTIC: [8] Undefined index: a D:\Demo\cms\Application\Common\Common\function.php 第 35 行.
NOTIC: [8] Undefined index: a D:\Demo\cms\Application\Common\Common\function.php 第 35 行.
NOTIC: [8] Undefined index: a D:\Demo\cms\Application\Common\Common\function.php 第 35 行.
NOTIC: [8] Undefined variable: nav D:\Demo\cms\Application\Runtime\Cache\Admin\b956215329b6f9aca22277599a4efdfc.php 第 101 行.
INFO: Run Behavior\ParseTemplateBehavior [ RunTime:0.047002s ]
INFO: [ view_parse ] --END-- [ RunTime:0.047002s ]
INFO: [ view_filter ] --START--
INFO: Run Behavior\WriteHtmlCacheBehavior [ RunTime:0.001000s ]
INFO: [ view_filter ] --END-- [ RunTime:0.001000s ]
INFO: [ app_end ] --START--
INFO: Run Behavior\ShowPageTraceBehavior [ RunTime:0.001000s ]
INFO: [ app_end ] --END-- [ RunTime:0.001000s ]

[ 2017-04-25T11:55:35+08:00 ] 127.0.0.1 /admin.php?c=menu
INFO: [ app_init ] --START--
INFO: Run Behavior\BuildLiteBehavior [ RunTime:0.001000s ]
INFO: [ app_init ] --END-- [ RunTime:0.001000s ]
INFO: [ app_begin ] --START--
INFO: Run Behavior\ReadHtmlCacheBehavior [ RunTime:0.001000s ]
INFO: [ app_begin ] --END-- [ RunTime:0.001000s ]
NOTIC: [2048] Declaration of Admin\Controller\MenuController::setStatus() should be compatible with Admin\Controller\CommonController::setStatus($data, $models) D:\Demo\cms\Application\Admin\Controller\MenuController.class.php 第 10 行.
NOTIC: [2048] Declaration of Admin\Controller\MenuController::listorder() should be compatible with Admin\Controller\CommonController::listorder($model = '') D:\Demo\cms\Application\Admin\Controller\MenuController.class.php 第 10 行.
NOTIC: [8] Undefined index: p D:\Demo\cms\Application\Admin\Controller\MenuController.class.php 第 61 行.
NOTIC: [8] Undefined index: pageSize D:\Demo\cms\Application\Admin\Controller\MenuController.class.php 第 62 行.
NOTIC: [2048] Declaration of Common\Model\MenuModel::find() should be compatible with Think\Model::find($options = Array) D:\Demo\cms\Application\Common\Model\MenuModel.class.php 第 5 行.
SQL: SHOW COLUMNS FROM `cms_menu` [ RunTime:0.0000s ]
SQL: SELECT * FROM `cms_menu` WHERE `status` <> -1 ORDER BY listorder desc,menu_id desc LIMIT 0,3   [ RunTime:0.0010s ]
SQL: SELECT COUNT(*) AS tp_count FROM `cms_menu` WHERE `status` <> -1 LIMIT 1   [ RunTime:0.0000s ]
NOTIC: [8] Undefined variable: sing_path D:\Demo\cms\ThinkPHP\Common\functions.php 第 991 行.
INFO: [ view_parse ] --START--
INFO: [ template_filter ] --START--
INFO: Run Behavior\ContentReplaceBehavior [ RunTime:0.001000s ]
INFO: [ template_filter ] --END-- [ RunTime:0.001000s ]
SQL: SELECT * FROM `cms_menu` WHERE `status` <> -1 AND `type` = 1 ORDER BY listorder desc,menu_id desc  [ RunTime:0.0000s ]
NOTIC: [8] Undefined index: a D:\Demo\cms\Application\Common\Common\function.php 第 35 行.
NOTIC: [8] Undefined index: a D:\Demo\cms\Application\Common\Common\function.php 第 35 行.
NOTIC: [8] Undefined index: a D:\Demo\cms\Application\Common\Common\function.php 第 35 行.
NOTIC: [8] Undefined index: a D:\Demo\cms\Application\Common\Common\function.php 第 35 行.
NOTIC: [8] Undefined index: a D:\Demo\cms\Application\Common\Common\function.php 第 35 行.
NOTIC: [8] Undefined index: a D:\Demo\cms\Application\Common\Common\function.php 第 35 行.
NOTIC: [8] Undefined variable: nav D:\Demo\cms\Application\Runtime\Cache\Admin\b956215329b6f9aca22277599a4efdfc.php 第 101 行.
INFO: Run Behavior\ParseTemplateBehavior [ RunTime:0.023001s ]
INFO: [ view_parse ] --END-- [ RunTime:0.023001s ]
INFO: [ view_filter ] --START--
INFO: Run Behavior\WriteHtmlCacheBehavior [ RunTime:0.001000s ]
INFO: [ view_filter ] --END-- [ RunTime:0.001000s ]
INFO: [ app_end ] --START--
INFO: Run Behavior\ShowPageTraceBehavior [ RunTime:0.001000s ]
INFO: [ app_end ] --END-- [ RunTime:0.001000s ]

[ 2017-04-25T11:55:37+08:00 ] 127.0.0.1 /admin.php?c=position
INFO: [ app_init ] --START--
INFO: Run Behavior\BuildLiteBehavior [ RunTime:0.000000s ]
INFO: [ app_init ] --END-- [ RunTime:0.000000s ]
INFO: [ app_begin ] --START--
INFO: Run Behavior\ReadHtmlCacheBehavior [ RunTime:0.000000s ]
INFO: [ app_begin ] --END-- [ RunTime:0.001000s ]
NOTIC: [2048] Declaration of Admin\Controller\PositionController::setStatus() should be compatible with Admin\Controller\CommonController::setStatus($data, $models) D:\Demo\cms\Application\Admin\Controller\PositionController.class.php 第 7 行.
NOTIC: [2048] Declaration of Common\Model\PositionModel::find() should be compatible with Think\Model::find($options = Array) D:\Demo\cms\Application\Common\Model\PositionModel.class.php 第 9 行.
SQL: SHOW COLUMNS FROM `cms_position` [ RunTime:0.0010s ]
SQL: SELECT * FROM `cms_position` WHERE `status` <> -1 ORDER BY id  [ RunTime:0.0000s ]
INFO: [ view_parse ] --START--
INFO: [ template_filter ] --START--
INFO: Run Behavior\ContentReplaceBehavior [ RunTime:0.000000s ]
INFO: [ template_filter ] --END-- [ RunTime:0.000000s ]
NOTIC: [2048] Declaration of Common\Model\MenuModel::find() should be compatible with Think\Model::find($options = Array) D:\Demo\cms\Application\Common\Model\MenuModel.class.php 第 98 行.
SQL: SHOW COLUMNS FROM `cms_menu` [ RunTime:0.0010s ]
SQL: SELECT * FROM `cms_menu` WHERE `status` <> -1 AND `type` = 1 ORDER BY listorder desc,menu_id desc  [ RunTime:0.0000s ]
NOTIC: [8] Undefined index: a D:\Demo\cms\Application\Common\Common\function.php 第 35 行.
NOTIC: [8] Undefined index: a D:\Demo\cms\Application\Common\Common\function.php 第 35 行.
NOTIC: [8] Undefined index: a D:\Demo\cms\Application\Common\Common\function.php 第 35 行.
NOTIC: [8] Undefined index: a D:\Demo\cms\Application\Common\Common\function.php 第 35 行.
NOTIC: [8] Undefined index: a D:\Demo\cms\Application\Common\Common\function.php 第 35 行.
NOTIC: [8] Undefined index: a D:\Demo\cms\Application\Common\Common\function.php 第 35 行.
INFO: Run Behavior\ParseTemplateBehavior [ RunTime:0.032002s ]
INFO: [ view_parse ] --END-- [ RunTime:0.032002s ]
INFO: [ view_filter ] --START--
INFO: Run Behavior\WriteHtmlCacheBehavior [ RunTime:0.000000s ]
INFO: [ view_filter ] --END-- [ RunTime:0.001000s ]
INFO: [ app_end ] --START--
INFO: Run Behavior\ShowPageTraceBehavior [ RunTime:0.001000s ]
INFO: [ app_end ] --END-- [ RunTime:0.001000s ]

[ 2017-04-25T11:55:39+08:00 ] 127.0.0.1 /admin.php?c=position&a=add
INFO: [ app_init ] --START--
INFO: Run Behavior\BuildLiteBehavior [ RunTime:0.000000s ]
INFO: [ app_init ] --END-- [ RunTime:0.000000s ]
INFO: [ app_begin ] --START--
INFO: Run Behavior\ReadHtmlCacheBehavior [ RunTime:0.000000s ]
INFO: [ app_begin ] --END-- [ RunTime:0.001001s ]
NOTIC: [2048] Declaration of Admin\Controller\PositionController::setStatus() should be compatible with Admin\Controller\CommonController::setStatus($data, $models) D:\Demo\cms\Application\Admin\Controller\PositionController.class.php 第 7 行.
INFO: [ view_parse ] --START--
INFO: [ template_filter ] --START--
INFO: Run Behavior\ContentReplaceBehavior [ RunTime:0.001000s ]
INFO: [ template_filter ] --END-- [ RunTime:0.001000s ]
NOTIC: [2048] Declaration of Common\Model\MenuModel::find() should be compatible with Think\Model::find($options = Array) D:\Demo\cms\Application\Common\Model\MenuModel.class.php 第 5 行.
SQL: SHOW COLUMNS FROM `cms_menu` [ RunTime:0.0020s ]
SQL: SELECT * FROM `cms_menu` WHERE `status` <> -1 AND `type` = 1 ORDER BY listorder desc,menu_id desc  [ RunTime:0.0010s ]
NOTIC: [8] Undefined index: a D:\Demo\cms\Application\Common\Common\function.php 第 35 行.
NOTIC: [8] Undefined index: a D:\Demo\cms\Application\Common\Common\function.php 第 35 行.
NOTIC: [8] Undefined index: a D:\Demo\cms\Application\Common\Common\function.php 第 35 行.
NOTIC: [8] Undefined index: a D:\Demo\cms\Application\Common\Common\function.php 第 35 行.
NOTIC: [8] Undefined index: a D:\Demo\cms\Application\Common\Common\function.php 第 35 行.
NOTIC: [8] Undefined index: a D:\Demo\cms\Application\Common\Common\function.php 第 35 行.
INFO: Run Behavior\ParseTemplateBehavior [ RunTime:0.141008s ]
INFO: [ view_parse ] --END-- [ RunTime:0.141008s ]
INFO: [ view_filter ] --START--
INFO: Run Behavior\WriteHtmlCacheBehavior [ RunTime:0.000000s ]
INFO: [ view_filter ] --END-- [ RunTime:0.001000s ]
INFO: [ app_end ] --START--
INFO: Run Behavior\ShowPageTraceBehavior [ RunTime:0.001000s ]
INFO: [ app_end ] --END-- [ RunTime:0.002000s ]

[ 2017-04-25T11:55:41+08:00 ] 127.0.0.1 /admin.php?c=menu
INFO: [ app_init ] --START--
INFO: Run Behavior\BuildLiteBehavior [ RunTime:0.000000s ]
INFO: [ app_init ] --END-- [ RunTime:0.000000s ]
INFO: [ app_begin ] --START--
INFO: Run Behavior\ReadHtmlCacheBehavior [ RunTime:0.001000s ]
INFO: [ app_begin ] --END-- [ RunTime:0.001000s ]
NOTIC: [2048] Declaration of Admin\Controller\MenuController::setStatus() should be compatible with Admin\Controller\CommonController::setStatus($data, $models) D:\Demo\cms\Application\Admin\Controller\MenuController.class.php 第 10 行.
NOTIC: [2048] Declaration of Admin\Controller\MenuController::listorder() should be compatible with Admin\Controller\CommonController::listorder($model = '') D:\Demo\cms\Application\Admin\Controller\MenuController.class.php 第 10 行.
NOTIC: [8] Undefined index: p D:\Demo\cms\Application\Admin\Controller\MenuController.class.php 第 61 行.
NOTIC: [8] Undefined index: pageSize D:\Demo\cms\Application\Admin\Controller\MenuController.class.php 第 62 行.
NOTIC: [2048] Declaration of Common\Model\MenuModel::find() should be compatible with Think\Model::find($options = Array) D:\Demo\cms\Application\Common\Model\MenuModel.class.php 第 5 行.
SQL: SHOW COLUMNS FROM `cms_menu` [ RunTime:0.0000s ]
SQL: SELECT * FROM `cms_menu` WHERE `status` <> -1 ORDER BY listorder desc,menu_id desc LIMIT 0,3   [ RunTime:0.0000s ]
SQL: SELECT COUNT(*) AS tp_count FROM `cms_menu` WHERE `status` <> -1 LIMIT 1   [ RunTime:0.0010s ]
NOTIC: [8] Undefined variable: sing_path D:\Demo\cms\ThinkPHP\Common\functions.php 第 991 行.
INFO: [ view_parse ] --START--
INFO: [ template_filter ] --START--
INFO: Run Behavior\ContentReplaceBehavior [ RunTime:0.001001s ]
INFO: [ template_filter ] --END-- [ RunTime:0.001001s ]
SQL: SELECT * FROM `cms_menu` WHERE `status` <> -1 AND `type` = 1 ORDER BY listorder desc,menu_id desc  [ RunTime:0.0000s ]
NOTIC: [8] Undefined index: a D:\Demo\cms\Application\Common\Common\function.php 第 35 行.
NOTIC: [8] Undefined index: a D:\Demo\cms\Application\Common\Common\function.php 第 35 行.
NOTIC: [8] Undefined index: a D:\Demo\cms\Application\Common\Common\function.php 第 35 行.
NOTIC: [8] Undefined index: a D:\Demo\cms\Application\Common\Common\function.php 第 35 行.
NOTIC: [8] Undefined index: a D:\Demo\cms\Application\Common\Common\function.php 第 35 行.
NOTIC: [8] Undefined index: a D:\Demo\cms\Application\Common\Common\function.php 第 35 行.
NOTIC: [8] Undefined variable: nav D:\Demo\cms\Application\Runtime\Cache\Admin\b956215329b6f9aca22277599a4efdfc.php 第 101 行.
INFO: Run Behavior\ParseTemplateBehavior [ RunTime:0.022001s ]
INFO: [ view_parse ] --END-- [ RunTime:0.023001s ]
INFO: [ view_filter ] --START--
INFO: Run Behavior\WriteHtmlCacheBehavior [ RunTime:0.000000s ]
INFO: [ view_filter ] --END-- [ RunTime:0.000000s ]
INFO: [ app_end ] --START--
INFO: Run Behavior\ShowPageTraceBehavior [ RunTime:0.001000s ]
INFO: [ app_end ] --END-- [ RunTime:0.001000s ]

[ 2017-04-25T11:55:48+08:00 ] 127.0.0.1 /admin.php?c=menu&a=add
INFO: [ app_init ] --START--
INFO: Run Behavior\BuildLiteBehavior [ RunTime:0.000000s ]
INFO: [ app_init ] --END-- [ RunTime:0.000000s ]
INFO: [ app_begin ] --START--
INFO: Run Behavior\ReadHtmlCacheBehavior [ RunTime:0.001000s ]
INFO: [ app_begin ] --END-- [ RunTime:0.001000s ]
NOTIC: [2048] Declaration of Admin\Controller\MenuController::setStatus() should be compatible with Admin\Controller\CommonController::setStatus($data, $models) D:\Demo\cms\Application\Admin\Controller\MenuController.class.php 第 10 行.
NOTIC: [2048] Declaration of Admin\Controller\MenuController::listorder() should be compatible with Admin\Controller\CommonController::listorder($model = '') D:\Demo\cms\Application\Admin\Controller\MenuController.class.php 第 10 行.
INFO: [ view_parse ] --START--
INFO: [ template_filter ] --START--
INFO: Run Behavior\ContentReplaceBehavior [ RunTime:0.000000s ]
INFO: [ template_filter ] --END-- [ RunTime:0.000000s ]
NOTIC: [2048] Declaration of Common\Model\MenuModel::find() should be compatible with Think\Model::find($options = Array) D:\Demo\cms\Application\Common\Model\MenuModel.class.php 第 5 行.
SQL: SHOW COLUMNS FROM `cms_menu` [ RunTime:0.0010s ]
SQL: SELECT * FROM `cms_menu` WHERE `status` <> -1 AND `type` = 1 ORDER BY listorder desc,menu_id desc  [ RunTime:0.0010s ]
NOTIC: [8] Undefined index: a D:\Demo\cms\Application\Common\Common\function.php 第 35 行.
NOTIC: [8] Undefined index: a D:\Demo\cms\Application\Common\Common\function.php 第 35 行.
NOTIC: [8] Undefined index: a D:\Demo\cms\Application\Common\Common\function.php 第 35 行.
NOTIC: [8] Undefined index: a D:\Demo\cms\Application\Common\Common\function.php 第 35 行.
NOTIC: [8] Undefined index: a D:\Demo\cms\Application\Common\Common\function.php 第 35 行.
NOTIC: [8] Undefined index: a D:\Demo\cms\Application\Common\Common\function.php 第 35 行.
NOTIC: [8] Undefined variable: menus D:\Demo\cms\Application\Runtime\Cache\Admin\31553d7bb41170a30982ff9dddd5d67e.php 第 123 行.
INFO: Run Behavior\ParseTemplateBehavior [ RunTime:0.030001s ]
INFO: [ view_parse ] --END-- [ RunTime:0.030001s ]
INFO: [ view_filter ] --START--
INFO: Run Behavior\WriteHtmlCacheBehavior [ RunTime:0.000000s ]
INFO: [ view_filter ] --END-- [ RunTime:0.001000s ]
INFO: [ app_end ] --START--
INFO: Run Behavior\ShowPageTraceBehavior [ RunTime:0.001000s ]
INFO: [ app_end ] --END-- [ RunTime:0.001000s ]

[ 2017-04-25T11:56:34+08:00 ] 127.0.0.1 /admin.php?c=menu&a=add
INFO: [ app_init ] --START--
INFO: Run Behavior\BuildLiteBehavior [ RunTime:0.000000s ]
INFO: [ app_init ] --END-- [ RunTime:0.000000s ]
INFO: [ app_begin ] --START--
INFO: Run Behavior\ReadHtmlCacheBehavior [ RunTime:0.001000s ]
INFO: [ app_begin ] --END-- [ RunTime:0.001000s ]
NOTIC: [2048] Declaration of Admin\Controller\MenuController::setStatus() should be compatible with Admin\Controller\CommonController::setStatus($data, $models) D:\Demo\cms\Application\Admin\Controller\MenuController.class.php 第 10 行.
NOTIC: [2048] Declaration of Admin\Controller\MenuController::listorder() should be compatible with Admin\Controller\CommonController::listorder($model = '') D:\Demo\cms\Application\Admin\Controller\MenuController.class.php 第 10 行.
INFO: [ view_parse ] --START--
INFO: [ template_filter ] --START--
INFO: Run Behavior\ContentReplaceBehavior [ RunTime:0.001000s ]
INFO: [ template_filter ] --END-- [ RunTime:0.001000s ]
NOTIC: [2048] Declaration of Common\Model\MenuModel::find() should be compatible with Think\Model::find($options = Array) D:\Demo\cms\Application\Common\Model\MenuModel.class.php 第 5 行.
SQL: SHOW COLUMNS FROM `cms_menu` [ RunTime:0.0010s ]
SQL: SELECT * FROM `cms_menu` WHERE `status` <> -1 AND `type` = 1 ORDER BY listorder desc,menu_id desc  [ RunTime:0.0000s ]
NOTIC: [8] Undefined index: a D:\Demo\cms\Application\Common\Common\function.php 第 35 行.
NOTIC: [8] Undefined index: a D:\Demo\cms\Application\Common\Common\function.php 第 35 行.
NOTIC: [8] Undefined index: a D:\Demo\cms\Application\Common\Common\function.php 第 35 行.
NOTIC: [8] Undefined index: a D:\Demo\cms\Application\Common\Common\function.php 第 35 行.
NOTIC: [8] Undefined index: a D:\Demo\cms\Application\Common\Common\function.php 第 35 行.
NOTIC: [8] Undefined index: a D:\Demo\cms\Application\Common\Common\function.php 第 35 行.
NOTIC: [8] Undefined variable: menus D:\Demo\cms\Application\Runtime\Cache\Admin\31553d7bb41170a30982ff9dddd5d67e.php 第 123 行.
INFO: Run Behavior\ParseTemplateBehavior [ RunTime:0.042003s ]
INFO: [ view_parse ] --END-- [ RunTime:0.043003s ]
INFO: [ view_filter ] --START--
INFO: Run Behavior\WriteHtmlCacheBehavior [ RunTime:0.001000s ]
INFO: [ view_filter ] --END-- [ RunTime:0.001000s ]
INFO: [ app_end ] --START--
INFO: Run Behavior\ShowPageTraceBehavior [ RunTime:0.001000s ]
INFO: [ app_end ] --END-- [ RunTime:0.001000s ]

